0 verbose cli /usr/local/bin/node /usr/local/bin/npm
1 info using npm@11.9.0
2 info using node@v20.20.0
3 silly config load:file:/usr/local/lib/node_modules/npm/npmrc
4 silly config load:file:/home/container/.npmrc
5 silly config load:file:/usr/local/etc/npmrc
6 verbose title npm install pm2
7 verbose argv "install" "--global" "pm2"
8 verbose logfile logs-max:10 dir:/home/container/.npm/_logs/2026-02-12T00_15_21_804Z-
9 verbose logfile /home/container/.npm/_logs/2026-02-12T00_15_21_804Z-debug-0.log
10 silly packumentCache heap:2197815296 maxSize:549453824 maxEntrySize:274726912
11 silly logfile done cleaning log files
12 silly idealTree buildDeps
13 silly fetch manifest pm2@*
14 silly packumentCache full:https://registry.npmjs.org/pm2 cache-miss
15 http fetch GET 200 https://registry.npmjs.org/npm 149ms
16 http fetch GET 200 https://registry.npmjs.org/pm2 290ms (cache miss)
17 silly packumentCache full:https://registry.npmjs.org/pm2 set size:undefined disposed:false
18 silly placeDep ROOT pm2@6.0.14 OK for:  want: *
19 silly fetch manifest @pm2/agent@~2.1.1
20 silly packumentCache full:https://registry.npmjs.org/@pm2%2fagent cache-miss
21 silly fetch manifest @pm2/js-api@~0.8.0
22 silly packumentCache full:https://registry.npmjs.org/@pm2%2fjs-api cache-miss
23 silly fetch manifest @pm2/io@~6.1.0
24 silly packumentCache full:https://registry.npmjs.org/@pm2%2fio cache-miss
25 silly fetch manifest @pm2/pm2-version-check@^1.0.4
26 silly packumentCache full:https://registry.npmjs.org/@pm2%2fpm2-version-check cache-miss
27 silly fetch manifest ansis@4.0.0-node10
28 silly packumentCache full:https://registry.npmjs.org/ansis cache-miss
29 http fetch GET 200 https://registry.npmjs.org/@pm2%2fagent 55ms (cache miss)
30 silly packumentCache full:https://registry.npmjs.org/@pm2%2fagent set size:undefined disposed:false
31 silly fetch manifest async@3.2.6
32 silly packumentCache full:https://registry.npmjs.org/async cache-miss
33 http fetch GET 200 https://registry.npmjs.org/@pm2%2fjs-api 73ms (cache miss)
34 silly packumentCache full:https://registry.npmjs.org/@pm2%2fjs-api set size:undefined disposed:false
35 silly fetch manifest @pm2/blessed@0.1.81
36 silly packumentCache full:https://registry.npmjs.org/@pm2%2fblessed cache-miss
37 http fetch GET 200 https://registry.npmjs.org/@pm2%2fpm2-version-check 105ms (cache miss)
38 silly packumentCache full:https://registry.npmjs.org/@pm2%2fpm2-version-check set size:undefined disposed:false
39 silly fetch manifest chokidar@3.6.0
40 silly packumentCache full:https://registry.npmjs.org/chokidar cache-miss
41 http fetch GET 200 https://registry.npmjs.org/async 60ms (cache miss)
42 silly packumentCache full:https://registry.npmjs.org/async set size:undefined disposed:false
43 silly fetch manifest cli-tableau@2.0.1
44 silly packumentCache full:https://registry.npmjs.org/cli-tableau cache-miss
45 http fetch GET 200 https://registry.npmjs.org/@pm2%2fio 121ms (cache miss)
46 silly packumentCache full:https://registry.npmjs.org/@pm2%2fio set size:undefined disposed:false
47 silly fetch manifest commander@2.15.1
48 silly packumentCache full:https://registry.npmjs.org/commander cache-miss
49 http fetch GET 200 https://registry.npmjs.org/chokidar 34ms (cache miss)
50 silly packumentCache full:https://registry.npmjs.org/chokidar set size:undefined disposed:false
51 silly fetch manifest croner@4.1.97
52 silly packumentCache full:https://registry.npmjs.org/croner cache-miss
53 http fetch GET 200 https://registry.npmjs.org/cli-tableau 38ms (cache miss)
54 silly packumentCache full:https://registry.npmjs.org/cli-tableau set size:undefined disposed:false
55 silly fetch manifest dayjs@1.11.15
56 silly packumentCache full:https://registry.npmjs.org/dayjs cache-miss
57 http fetch GET 200 https://registry.npmjs.org/@pm2%2fblessed 108ms (cache miss)
58 silly packumentCache full:https://registry.npmjs.org/@pm2%2fblessed set size:undefined disposed:false
59 silly fetch manifest debug@4.4.3
60 silly packumentCache full:https://registry.npmjs.org/debug cache-miss
61 http fetch GET 200 https://registry.npmjs.org/commander 74ms (cache miss)
62 silly packumentCache full:https://registry.npmjs.org/commander set size:undefined disposed:false
63 silly fetch manifest enquirer@2.3.6
64 silly packumentCache full:https://registry.npmjs.org/enquirer cache-miss
65 http fetch GET 200 https://registry.npmjs.org/croner 77ms (cache miss)
66 silly packumentCache full:https://registry.npmjs.org/croner set size:undefined disposed:false
67 silly fetch manifest eventemitter2@5.0.1
68 silly packumentCache full:https://registry.npmjs.org/eventemitter2 cache-miss
69 http fetch GET 200 https://registry.npmjs.org/debug 74ms (cache miss)
70 silly packumentCache full:https://registry.npmjs.org/debug set size:undefined disposed:false
71 silly fetch manifest fclone@1.0.11
72 silly packumentCache full:https://registry.npmjs.org/fclone cache-miss
73 http fetch GET 200 https://registry.npmjs.org/enquirer 59ms (cache miss)
74 silly packumentCache full:https://registry.npmjs.org/enquirer set size:undefined disposed:false
75 silly fetch manifest mkdirp@1.0.4
76 silly packumentCache full:https://registry.npmjs.org/mkdirp cache-miss
77 http fetch GET 200 https://registry.npmjs.org/ansis 299ms (cache miss)
78 silly packumentCache full:https://registry.npmjs.org/ansis set size:undefined disposed:false
79 silly fetch manifest needle@2.4.0
80 silly packumentCache full:https://registry.npmjs.org/needle cache-miss
81 http fetch GET 200 https://registry.npmjs.org/fclone 49ms (cache miss)
82 silly packumentCache full:https://registry.npmjs.org/fclone set size:undefined disposed:false
83 silly fetch manifest pidusage@3.0.2
84 silly packumentCache full:https://registry.npmjs.org/pidusage cache-miss
85 http fetch GET 200 https://registry.npmjs.org/mkdirp 47ms (cache miss)
86 silly packumentCache full:https://registry.npmjs.org/mkdirp set size:undefined disposed:false
87 silly fetch manifest pm2-axon@~4.0.1
88 silly packumentCache full:https://registry.npmjs.org/pm2-axon cache-miss
89 http fetch GET 200 https://registry.npmjs.org/eventemitter2 252ms (cache miss)
90 silly packumentCache full:https://registry.npmjs.org/eventemitter2 set size:undefined disposed:false
91 silly fetch manifest pm2-axon-rpc@~0.7.1
92 silly packumentCache full:https://registry.npmjs.org/pm2-axon-rpc cache-miss
93 http fetch GET 200 https://registry.npmjs.org/needle 216ms (cache miss)
94 silly packumentCache full:https://registry.npmjs.org/needle set size:undefined disposed:false
95 silly fetch manifest pm2-deploy@~1.0.2
96 silly packumentCache full:https://registry.npmjs.org/pm2-deploy cache-miss
97 http fetch GET 200 https://registry.npmjs.org/pm2-axon 222ms (cache miss)
98 silly packumentCache full:https://registry.npmjs.org/pm2-axon set size:undefined disposed:false
99 silly fetch manifest pm2-multimeter@^0.1.2
100 silly packumentCache full:https://registry.npmjs.org/pm2-multimeter cache-miss
101 http fetch GET 200 https://registry.npmjs.org/pidusage 238ms (cache miss)
102 silly packumentCache full:https://registry.npmjs.org/pidusage set size:undefined disposed:false
103 silly fetch manifest promptly@2.2.0
104 silly packumentCache full:https://registry.npmjs.org/promptly cache-miss
105 http fetch GET 200 https://registry.npmjs.org/pm2-deploy 39ms (cache miss)
106 silly packumentCache full:https://registry.npmjs.org/pm2-deploy set size:undefined disposed:false
107 silly fetch manifest semver@7.7.2
108 silly packumentCache full:https://registry.npmjs.org/semver cache-miss
109 http fetch GET 200 https://registry.npmjs.org/pm2-multimeter 28ms (cache miss)
110 silly packumentCache full:https://registry.npmjs.org/pm2-multimeter set size:undefined disposed:false
111 silly fetch manifest source-map-support@0.5.21
112 silly packumentCache full:https://registry.npmjs.org/source-map-support cache-miss
113 http fetch GET 200 https://registry.npmjs.org/semver 39ms (cache miss)
114 silly packumentCache full:https://registry.npmjs.org/semver set size:undefined disposed:false
115 silly fetch manifest sprintf-js@1.1.2
116 silly packumentCache full:https://registry.npmjs.org/sprintf-js cache-miss
117 http fetch GET 200 https://registry.npmjs.org/source-map-support 38ms (cache miss)
118 silly packumentCache full:https://registry.npmjs.org/source-map-support set size:undefined disposed:false
119 silly fetch manifest vizion@~2.2.1
120 silly packumentCache full:https://registry.npmjs.org/vizion cache-miss
121 http fetch GET 200 https://registry.npmjs.org/sprintf-js 28ms (cache miss)
122 silly packumentCache full:https://registry.npmjs.org/sprintf-js set size:undefined disposed:false
123 silly fetch manifest js-yaml@4.1.1
124 silly packumentCache full:https://registry.npmjs.org/js-yaml cache-miss
125 http fetch GET 200 https://registry.npmjs.org/js-yaml 33ms (cache miss)
126 silly packumentCache full:https://registry.npmjs.org/js-yaml set size:undefined disposed:false
127 silly fetch manifest pm2-sysmonit@^1.2.8
128 silly packumentCache full:https://registry.npmjs.org/pm2-sysmonit cache-miss
129 http fetch GET 200 https://registry.npmjs.org/pm2-sysmonit 31ms (cache miss)
130 silly packumentCache full:https://registry.npmjs.org/pm2-sysmonit set size:undefined disposed:false
131 http fetch GET 200 https://registry.npmjs.org/pm2-axon-rpc 233ms (cache miss)
132 silly packumentCache full:https://registry.npmjs.org/pm2-axon-rpc set size:undefined disposed:false
133 http fetch GET 200 https://registry.npmjs.org/promptly 240ms (cache miss)
134 silly packumentCache full:https://registry.npmjs.org/promptly set size:undefined disposed:false
135 http fetch GET 200 https://registry.npmjs.org/dayjs 644ms (cache miss)
136 silly packumentCache full:https://registry.npmjs.org/dayjs set size:undefined disposed:false
137 http fetch GET 200 https://registry.npmjs.org/vizion 206ms (cache miss)
138 silly packumentCache full:https://registry.npmjs.org/vizion set size:undefined disposed:false
139 silly placeDep node_modules/pm2 @pm2/agent@2.1.1 OK for: pm2@6.0.14 want: ~2.1.1
140 silly placeDep node_modules/pm2 @pm2/blessed@0.1.81 OK for: pm2@6.0.14 want: 0.1.81
141 silly placeDep node_modules/pm2 @pm2/io@6.1.0 OK for: pm2@6.0.14 want: ~6.1.0
142 silly placeDep node_modules/pm2 @pm2/js-api@0.8.0 OK for: pm2@6.0.14 want: ~0.8.0
143 silly placeDep node_modules/pm2 @pm2/pm2-version-check@1.0.4 OK for: pm2@6.0.14 want: ^1.0.4
144 silly placeDep node_modules/pm2 ansis@4.0.0-node10 OK for: pm2@6.0.14 want: 4.0.0-node10
145 silly placeDep node_modules/pm2 async@3.2.6 OK for: pm2@6.0.14 want: 3.2.6
146 silly placeDep node_modules/pm2 chokidar@3.6.0 OK for: pm2@6.0.14 want: 3.6.0
147 silly placeDep node_modules/pm2 cli-tableau@2.0.1 OK for: pm2@6.0.14 want: 2.0.1
148 silly placeDep node_modules/pm2 commander@2.15.1 OK for: pm2@6.0.14 want: 2.15.1
149 silly placeDep node_modules/pm2 croner@4.1.97 OK for: pm2@6.0.14 want: 4.1.97
150 silly placeDep node_modules/pm2 dayjs@1.11.15 OK for: pm2@6.0.14 want: 1.11.15
151 silly placeDep node_modules/pm2 debug@4.4.3 OK for: pm2@6.0.14 want: 4.4.3
152 silly placeDep node_modules/pm2 enquirer@2.3.6 OK for: pm2@6.0.14 want: 2.3.6
153 silly placeDep node_modules/pm2 eventemitter2@5.0.1 OK for: pm2@6.0.14 want: 5.0.1
154 silly placeDep node_modules/pm2 fclone@1.0.11 OK for: pm2@6.0.14 want: 1.0.11
155 silly placeDep node_modules/pm2 js-yaml@4.1.1 OK for: pm2@6.0.14 want: 4.1.1
156 silly placeDep node_modules/pm2 mkdirp@1.0.4 OK for: pm2@6.0.14 want: 1.0.4
157 silly placeDep node_modules/pm2 needle@2.4.0 OK for: pm2@6.0.14 want: 2.4.0
158 silly placeDep node_modules/pm2 pidusage@3.0.2 OK for: pm2@6.0.14 want: 3.0.2
159 silly placeDep node_modules/pm2 pm2-axon@4.0.1 OK for: pm2@6.0.14 want: ~4.0.1
160 silly placeDep node_modules/pm2 pm2-axon-rpc@0.7.1 OK for: pm2@6.0.14 want: ~0.7.1
161 silly placeDep node_modules/pm2 pm2-deploy@1.0.2 OK for: pm2@6.0.14 want: ~1.0.2
162 silly placeDep node_modules/pm2 pm2-multimeter@0.1.2 OK for: pm2@6.0.14 want: ^0.1.2
163 silly placeDep node_modules/pm2 pm2-sysmonit@1.2.8 OK for: pm2@6.0.14 want: ^1.2.8
164 silly placeDep node_modules/pm2 promptly@2.2.0 OK for: pm2@6.0.14 want: 2.2.0
165 silly placeDep node_modules/pm2 semver@7.7.2 OK for: pm2@6.0.14 want: 7.7.2
166 silly placeDep node_modules/pm2 source-map-support@0.5.21 OK for: pm2@6.0.14 want: 0.5.21
167 silly placeDep node_modules/pm2 sprintf-js@1.1.2 OK for: pm2@6.0.14 want: 1.1.2
168 silly placeDep node_modules/pm2 vizion@2.2.1 OK for: pm2@6.0.14 want: ~2.2.1
169 silly fetch manifest async@~3.2.0
170 silly packumentCache full:https://registry.npmjs.org/async cache-miss
171 silly fetch manifest chalk@~3.0.0
172 silly packumentCache full:https://registry.npmjs.org/chalk cache-miss
173 silly fetch manifest dayjs@~1.8.24
174 silly packumentCache full:https://registry.npmjs.org/dayjs cache-miss
175 silly fetch manifest debug@~4.3.1
176 silly packumentCache full:https://registry.npmjs.org/debug cache-miss
177 silly fetch manifest eventemitter2@~5.0.1
178 silly packumentCache full:https://registry.npmjs.org/eventemitter2 cache-miss
179 http cache https://registry.npmjs.org/eventemitter2 24ms (cache hit)
180 silly packumentCache full:https://registry.npmjs.org/eventemitter2 set size:172525 disposed:false
181 silly fetch manifest fast-json-patch@^3.1.0
182 silly packumentCache full:https://registry.npmjs.org/fast-json-patch cache-miss
183 http cache https://registry.npmjs.org/async 33ms (cache hit)
184 silly packumentCache full:https://registry.npmjs.org/async set size:230496 disposed:false
185 silly fetch manifest fclone@~1.0.11
186 silly packumentCache full:https://registry.npmjs.org/fclone cache-miss
187 http cache https://registry.npmjs.org/debug 37ms (cache hit)
188 silly packumentCache full:https://registry.npmjs.org/debug set size:195840 disposed:false
189 silly fetch manifest pm2-axon-rpc@~0.7.0
190 silly packumentCache full:https://registry.npmjs.org/pm2-axon-rpc cache-miss
191 http cache https://registry.npmjs.org/dayjs 44ms (cache hit)
192 silly packumentCache full:https://registry.npmjs.org/dayjs set size:483478 disposed:false
193 silly fetch manifest proxy-agent@~6.4.0
194 silly packumentCache full:https://registry.npmjs.org/proxy-agent cache-miss
195 http cache https://registry.npmjs.org/fclone 33ms (cache hit)
196 silly packumentCache full:https://registry.npmjs.org/fclone set size:19653 disposed:false
197 silly fetch manifest semver@~7.5.0
198 silly packumentCache full:https://registry.npmjs.org/semver cache-miss
199 http cache https://registry.npmjs.org/pm2-axon-rpc 31ms (cache hit)
200 silly packumentCache full:https://registry.npmjs.org/pm2-axon-rpc set size:41743 disposed:false
201 silly fetch manifest ws@~7.5.10
202 silly packumentCache full:https://registry.npmjs.org/ws cache-miss
203 http fetch GET 200 https://registry.npmjs.org/chalk 99ms (cache miss)
204 silly packumentCache full:https://registry.npmjs.org/chalk set size:undefined disposed:false
205 silly fetch manifest async@~2.6.1
206 silly packumentCache full:https://registry.npmjs.org/async cache-hit
207 silly fetch manifest eventemitter2@^6.3.1
208 silly packumentCache full:https://registry.npmjs.org/eventemitter2 cache-hit
209 silly fetch manifest require-in-the-middle@^5.0.0
210 silly packumentCache full:https://registry.npmjs.org/require-in-the-middle cache-miss
211 http cache https://registry.npmjs.org/semver 44ms (cache hit)
212 silly packumentCache full:https://registry.npmjs.org/semver set size:229678 disposed:false
213 silly fetch manifest semver@~7.5.4
214 silly packumentCache full:https://registry.npmjs.org/semver cache-hit
215 silly fetch manifest shimmer@^1.2.0
216 silly packumentCache full:https://registry.npmjs.org/shimmer cache-miss
217 http fetch GET 200 https://registry.npmjs.org/proxy-agent 75ms (cache miss)
218 silly packumentCache full:https://registry.npmjs.org/proxy-agent set size:undefined disposed:false
219 silly fetch manifest signal-exit@^3.0.3
220 silly packumentCache full:https://registry.npmjs.org/signal-exit cache-miss
221 http fetch GET 200 https://registry.npmjs.org/require-in-the-middle 38ms (cache miss)
222 silly packumentCache full:https://registry.npmjs.org/require-in-the-middle set size:undefined disposed:false
223 silly fetch manifest tslib@1.9.3
224 silly packumentCache full:https://registry.npmjs.org/tslib cache-miss
225 http fetch GET 200 https://registry.npmjs.org/ws 73ms (cache miss)
226 silly packumentCache full:https://registry.npmjs.org/ws set size:undefined disposed:false
227 silly fetch manifest async@^2.6.3
228 silly packumentCache full:https://registry.npmjs.org/async cache-hit
229 silly fetch manifest extrareqp2@^1.0.0
230 silly packumentCache full:https://registry.npmjs.org/extrareqp2 cache-miss
231 http fetch GET 200 https://registry.npmjs.org/shimmer 46ms (cache miss)
232 silly packumentCache full:https://registry.npmjs.org/shimmer set size:undefined disposed:false
233 silly fetch manifest ws@^7.0.0
234 silly packumentCache full:https://registry.npmjs.org/ws cache-miss
235 http fetch GET 200 https://registry.npmjs.org/signal-exit 42ms (cache miss)
236 silly packumentCache full:https://registry.npmjs.org/signal-exit set size:undefined disposed:false
237 silly fetch manifest debug@^4.3.1
238 silly packumentCache full:https://registry.npmjs.org/debug cache-hit
239 silly fetch manifest braces@~3.0.2
240 silly packumentCache full:https://registry.npmjs.org/braces cache-miss
241 http cache https://registry.npmjs.org/ws 14ms (cache hit)
242 silly packumentCache full:https://registry.npmjs.org/ws set size:413307 disposed:false
243 silly fetch manifest is-glob@~4.0.1
244 silly packumentCache full:https://registry.npmjs.org/is-glob cache-miss
245 http fetch GET 200 https://registry.npmjs.org/tslib 49ms (cache miss)
246 silly packumentCache full:https://registry.npmjs.org/tslib set size:undefined disposed:false
247 silly fetch manifest anymatch@~3.1.2
248 silly packumentCache full:https://registry.npmjs.org/anymatch cache-miss
249 http fetch GET 200 https://registry.npmjs.org/braces 31ms (cache miss)
250 silly packumentCache full:https://registry.npmjs.org/braces set size:undefined disposed:false
251 silly fetch manifest readdirp@~3.6.0
252 silly packumentCache full:https://registry.npmjs.org/readdirp cache-miss
253 http fetch GET 200 https://registry.npmjs.org/is-glob 26ms (cache miss)
254 silly packumentCache full:https://registry.npmjs.org/is-glob set size:undefined disposed:false
255 silly fetch manifest glob-parent@~5.1.2
256 silly packumentCache full:https://registry.npmjs.org/glob-parent cache-miss
257 http fetch GET 200 https://registry.npmjs.org/anymatch 30ms (cache miss)
258 silly packumentCache full:https://registry.npmjs.org/anymatch set size:undefined disposed:false
259 silly fetch manifest is-binary-path@~2.1.0
260 silly packumentCache full:https://registry.npmjs.org/is-binary-path cache-miss
261 http fetch GET 200 https://registry.npmjs.org/glob-parent 26ms (cache miss)
262 silly packumentCache full:https://registry.npmjs.org/glob-parent set size:undefined disposed:false
263 silly fetch manifest normalize-path@~3.0.0
264 silly packumentCache full:https://registry.npmjs.org/normalize-path cache-miss
265 http fetch GET 200 https://registry.npmjs.org/readdirp 52ms (cache miss)
266 silly packumentCache full:https://registry.npmjs.org/readdirp set size:undefined disposed:false
267 silly fetch manifest fsevents@~2.3.2
268 silly packumentCache full:https://registry.npmjs.org/fsevents cache-miss
269 http fetch GET 200 https://registry.npmjs.org/is-binary-path 48ms (cache miss)
270 silly packumentCache full:https://registry.npmjs.org/is-binary-path set size:undefined disposed:false
271 silly fetch manifest chalk@3.0.0
272 silly packumentCache full:https://registry.npmjs.org/chalk cache-miss
273 http fetch GET 200 https://registry.npmjs.org/fast-json-patch 254ms (cache miss)
274 silly packumentCache full:https://registry.npmjs.org/fast-json-patch set size:undefined disposed:false
275 silly fetch manifest ms@^2.1.3
276 silly packumentCache full:https://registry.npmjs.org/ms cache-miss
277 http cache https://registry.npmjs.org/chalk 15ms (cache hit)
278 silly packumentCache full:https://registry.npmjs.org/chalk set size:117861 disposed:false
279 silly fetch manifest ansi-colors@^4.1.1
280 silly packumentCache full:https://registry.npmjs.org/ansi-colors cache-miss
281 http fetch GET 200 https://registry.npmjs.org/normalize-path 48ms (cache miss)
282 silly packumentCache full:https://registry.npmjs.org/normalize-path set size:undefined disposed:false
283 silly fetch manifest argparse@^2.0.1
284 silly packumentCache full:https://registry.npmjs.org/argparse cache-miss
285 http fetch GET 200 https://registry.npmjs.org/fsevents 38ms (cache miss)
286 silly packumentCache full:https://registry.npmjs.org/fsevents set size:undefined disposed:false
287 silly fetch manifest debug@^3.2.6
288 silly packumentCache full:https://registry.npmjs.org/debug cache-hit
289 silly fetch manifest iconv-lite@^0.4.4
290 silly packumentCache full:https://registry.npmjs.org/iconv-lite cache-miss
291 http fetch GET 200 https://registry.npmjs.org/ansi-colors 31ms (cache miss)
292 silly packumentCache full:https://registry.npmjs.org/ansi-colors set size:undefined disposed:false
293 silly fetch manifest sax@^1.2.4
294 silly packumentCache full:https://registry.npmjs.org/sax cache-miss
295 http fetch GET 200 https://registry.npmjs.org/argparse 35ms (cache miss)
296 silly packumentCache full:https://registry.npmjs.org/argparse set size:undefined disposed:false
297 silly fetch manifest safe-buffer@^5.2.1
298 silly packumentCache full:https://registry.npmjs.org/safe-buffer cache-miss
299 http fetch GET 200 https://registry.npmjs.org/iconv-lite 45ms (cache miss)
300 silly packumentCache full:https://registry.npmjs.org/iconv-lite set size:undefined disposed:false
301 silly fetch manifest amp@~0.3.1
302 silly packumentCache full:https://registry.npmjs.org/amp cache-miss
303 http fetch GET 200 https://registry.npmjs.org/sax 33ms (cache miss)
304 silly packumentCache full:https://registry.npmjs.org/sax set size:undefined disposed:false
305 silly fetch manifest amp-message@~0.1.1
306 silly packumentCache full:https://registry.npmjs.org/amp-message cache-miss
307 http fetch GET 200 https://registry.npmjs.org/safe-buffer 41ms (cache miss)
308 silly packumentCache full:https://registry.npmjs.org/safe-buffer set size:undefined disposed:false
309 silly fetch manifest escape-string-regexp@^4.0.0
310 silly packumentCache full:https://registry.npmjs.org/escape-string-regexp cache-miss
311 http fetch GET 200 https://registry.npmjs.org/extrareqp2 234ms (cache miss)
312 silly packumentCache full:https://registry.npmjs.org/extrareqp2 set size:undefined disposed:false
313 silly fetch manifest run-series@^1.1.8
314 silly packumentCache full:https://registry.npmjs.org/run-series cache-miss
315 http fetch GET 200 https://registry.npmjs.org/escape-string-regexp 27ms (cache miss)
316 silly packumentCache full:https://registry.npmjs.org/escape-string-regexp set size:undefined disposed:false
317 silly fetch manifest tv4@^1.3.0
318 silly packumentCache full:https://registry.npmjs.org/tv4 cache-miss
319 http fetch GET 200 https://registry.npmjs.org/ms 216ms (cache miss)
320 silly packumentCache full:https://registry.npmjs.org/ms set size:undefined disposed:false
321 silly fetch manifest charm@~0.1.1
322 silly packumentCache full:https://registry.npmjs.org/charm cache-miss
323 http fetch GET 200 https://registry.npmjs.org/charm 46ms (cache miss)
324 silly packumentCache full:https://registry.npmjs.org/charm set size:undefined disposed:false
325 silly fetch manifest pidusage@^2.0.21
326 silly packumentCache full:https://registry.npmjs.org/pidusage cache-miss
327 http cache https://registry.npmjs.org/pidusage 5ms (cache hit)
328 silly packumentCache full:https://registry.npmjs.org/pidusage set size:111034 disposed:false
329 silly fetch manifest systeminformation@^5.7
330 silly packumentCache full:https://registry.npmjs.org/systeminformation cache-miss
331 http fetch GET 200 https://registry.npmjs.org/amp 215ms (cache miss)
332 silly packumentCache full:https://registry.npmjs.org/amp set size:undefined disposed:false
333 silly fetch manifest tx2@~1.0.4
334 silly packumentCache full:https://registry.npmjs.org/tx2 cache-miss
335 http fetch GET 200 https://registry.npmjs.org/amp-message 211ms (cache miss)
336 silly packumentCache full:https://registry.npmjs.org/amp-message set size:undefined disposed:false
337 silly fetch manifest read@^1.0.4
338 silly packumentCache full:https://registry.npmjs.org/read cache-miss
339 http fetch GET 200 https://registry.npmjs.org/tx2 32ms (cache miss)
340 silly packumentCache full:https://registry.npmjs.org/tx2 set size:undefined disposed:false
341 silly fetch manifest buffer-from@^1.0.0
342 silly packumentCache full:https://registry.npmjs.org/buffer-from cache-miss
343 http fetch GET 200 https://registry.npmjs.org/tv4 204ms (cache miss)
344 silly packumentCache full:https://registry.npmjs.org/tv4 set size:undefined disposed:false
345 silly fetch manifest source-map@^0.6.0
346 silly packumentCache full:https://registry.npmjs.org/source-map cache-miss
347 http fetch GET 200 https://registry.npmjs.org/read 37ms (cache miss)
348 silly packumentCache full:https://registry.npmjs.org/read set size:undefined disposed:false
349 silly fetch manifest git-node-fs@^1.0.0
350 silly packumentCache full:https://registry.npmjs.org/git-node-fs cache-miss
351 http fetch GET 200 https://registry.npmjs.org/run-series 241ms (cache miss)
352 silly packumentCache full:https://registry.npmjs.org/run-series set size:undefined disposed:false
353 silly fetch manifest ini@^1.3.5
354 silly packumentCache full:https://registry.npmjs.org/ini cache-miss
355 http fetch GET 200 https://registry.npmjs.org/git-node-fs 43ms (cache miss)
356 silly packumentCache full:https://registry.npmjs.org/git-node-fs set size:undefined disposed:false
357 silly fetch manifest js-git@^0.7.8
358 silly packumentCache full:https://registry.npmjs.org/js-git cache-miss
359 http fetch GET 200 https://registry.npmjs.org/ini 34ms (cache miss)
360 silly packumentCache full:https://registry.npmjs.org/ini set size:undefined disposed:false
361 http fetch GET 200 https://registry.npmjs.org/source-map 71ms (cache miss)
362 silly packumentCache full:https://registry.npmjs.org/source-map set size:undefined disposed:false
363 http fetch GET 200 https://registry.npmjs.org/js-git 38ms (cache miss)
364 silly packumentCache full:https://registry.npmjs.org/js-git set size:undefined disposed:false
365 http fetch GET 200 https://registry.npmjs.org/buffer-from 226ms (cache miss)
366 silly packumentCache full:https://registry.npmjs.org/buffer-from set size:undefined disposed:false
367 http fetch GET 200 https://registry.npmjs.org/systeminformation 298ms (cache miss)
368 silly packumentCache full:https://registry.npmjs.org/systeminformation set size:undefined disposed:false
369 silly fetch manifest bufferutil@^4.0.1
370 silly packumentCache full:https://registry.npmjs.org/bufferutil cache-miss
371 http fetch GET 200 https://registry.npmjs.org/bufferutil 42ms (cache miss)
372 silly packumentCache full:https://registry.npmjs.org/bufferutil set size:undefined disposed:false
373 silly fetch manifest utf-8-validate@^5.0.2
374 silly packumentCache full:https://registry.npmjs.org/utf-8-validate cache-miss
375 http fetch GET 200 https://registry.npmjs.org/utf-8-validate 34ms (cache miss)
376 silly packumentCache full:https://registry.npmjs.org/utf-8-validate set size:undefined disposed:false
377 silly placeDep node_modules/pm2 chalk@3.0.0 OK for: @pm2/agent@2.1.1 want: ~3.0.0
378 silly placeDep node_modules/pm2/node_modules/@pm2/agent dayjs@1.8.36 OK for: @pm2/agent@2.1.1 want: ~1.8.24
379 silly placeDep node_modules/pm2/node_modules/@pm2/agent debug@4.3.7 OK for: @pm2/agent@2.1.1 want: ~4.3.1
380 silly placeDep node_modules/pm2 fast-json-patch@3.1.1 OK for: @pm2/agent@2.1.1 want: ^3.1.0
381 silly placeDep node_modules/pm2 proxy-agent@6.4.0 OK for: @pm2/agent@2.1.1 want: ~6.4.0
382 silly placeDep node_modules/pm2/node_modules/@pm2/agent semver@7.5.4 OK for: @pm2/agent@2.1.1 want: ~7.5.0
383 silly placeDep node_modules/pm2 ws@7.5.10 OK for: @pm2/agent@2.1.1 want: ~7.5.10
384 silly fetch manifest ansi-styles@^4.1.0
385 silly packumentCache full:https://registry.npmjs.org/ansi-styles cache-miss
386 silly fetch manifest supports-color@^7.1.0
387 silly packumentCache full:https://registry.npmjs.org/supports-color cache-miss
388 silly fetch manifest lru-cache@^7.14.1
389 silly packumentCache full:https://registry.npmjs.org/lru-cache cache-miss
390 silly fetch manifest agent-base@^7.0.2
391 silly packumentCache full:https://registry.npmjs.org/agent-base cache-miss
392 silly fetch manifest proxy-from-env@^1.1.0
393 silly packumentCache full:https://registry.npmjs.org/proxy-from-env cache-miss
394 http fetch GET 200 https://registry.npmjs.org/ansi-styles 45ms (cache miss)
395 silly packumentCache full:https://registry.npmjs.org/ansi-styles set size:undefined disposed:false
396 silly fetch manifest pac-proxy-agent@^7.0.1
397 silly packumentCache full:https://registry.npmjs.org/pac-proxy-agent cache-miss
398 http fetch GET 200 https://registry.npmjs.org/proxy-from-env 44ms (cache miss)
399 silly packumentCache full:https://registry.npmjs.org/proxy-from-env set size:undefined disposed:false
400 silly fetch manifest http-proxy-agent@^7.0.1
401 silly packumentCache full:https://registry.npmjs.org/http-proxy-agent cache-miss
402 http fetch GET 200 https://registry.npmjs.org/supports-color 54ms (cache miss)
403 silly packumentCache full:https://registry.npmjs.org/supports-color set size:undefined disposed:false
404 silly fetch manifest https-proxy-agent@^7.0.3
405 silly packumentCache full:https://registry.npmjs.org/https-proxy-agent cache-miss
406 http fetch GET 200 https://registry.npmjs.org/lru-cache 61ms (cache miss)
407 silly packumentCache full:https://registry.npmjs.org/lru-cache set size:undefined disposed:false
408 silly fetch manifest socks-proxy-agent@^8.0.2
409 silly packumentCache full:https://registry.npmjs.org/socks-proxy-agent cache-miss
410 http fetch GET 200 https://registry.npmjs.org/http-proxy-agent 43ms (cache miss)
411 silly packumentCache full:https://registry.npmjs.org/http-proxy-agent set size:undefined disposed:false
412 silly fetch manifest lru-cache@^6.0.0
413 silly packumentCache full:https://registry.npmjs.org/lru-cache cache-miss
414 http fetch GET 200 https://registry.npmjs.org/https-proxy-agent 49ms (cache miss)
415 silly packumentCache full:https://registry.npmjs.org/https-proxy-agent set size:undefined disposed:false
416 http cache https://registry.npmjs.org/lru-cache 16ms (cache hit)
417 silly packumentCache full:https://registry.npmjs.org/lru-cache set size:413591 disposed:false
418 http fetch GET 200 https://registry.npmjs.org/socks-proxy-agent 50ms (cache miss)
419 silly packumentCache full:https://registry.npmjs.org/socks-proxy-agent set size:undefined disposed:false
420 http fetch GET 200 https://registry.npmjs.org/agent-base 208ms (cache miss)
421 silly packumentCache full:https://registry.npmjs.org/agent-base set size:undefined disposed:false
422 http fetch GET 200 https://registry.npmjs.org/pac-proxy-agent 209ms (cache miss)
423 silly packumentCache full:https://registry.npmjs.org/pac-proxy-agent set size:undefined disposed:false
424 silly placeDep node_modules/pm2/node_modules/@pm2/io async@2.6.4 OK for: @pm2/io@6.1.0 want: ~2.6.1
425 silly placeDep node_modules/pm2/node_modules/@pm2/io debug@4.3.7 OK for: @pm2/io@6.1.0 want: ~4.3.1
426 silly placeDep node_modules/pm2/node_modules/@pm2/io eventemitter2@6.4.9 OK for: @pm2/io@6.1.0 want: ^6.3.1
427 silly placeDep node_modules/pm2 require-in-the-middle@5.2.0 OK for: @pm2/io@6.1.0 want: ^5.0.0
428 silly placeDep node_modules/pm2/node_modules/@pm2/io semver@7.5.4 OK for: @pm2/io@6.1.0 want: ~7.5.4
429 silly placeDep node_modules/pm2 shimmer@1.2.1 OK for: @pm2/io@6.1.0 want: ^1.2.0
430 silly placeDep node_modules/pm2 signal-exit@3.0.7 OK for: @pm2/io@6.1.0 want: ^3.0.3
431 silly placeDep node_modules/pm2 tslib@1.9.3 OK for: @pm2/io@6.1.0 want: 1.9.3
432 silly fetch manifest lodash@^4.17.14
433 silly packumentCache full:https://registry.npmjs.org/lodash cache-miss
434 silly fetch manifest resolve@^1.22.1
435 silly packumentCache full:https://registry.npmjs.org/resolve cache-miss
436 silly fetch manifest module-details-from-path@^1.0.3
437 silly packumentCache full:https://registry.npmjs.org/module-details-from-path cache-miss
438 http fetch GET 200 https://registry.npmjs.org/module-details-from-path 43ms (cache miss)
439 silly packumentCache full:https://registry.npmjs.org/module-details-from-path set size:undefined disposed:false
440 http fetch GET 200 https://registry.npmjs.org/lodash 53ms (cache miss)
441 silly packumentCache full:https://registry.npmjs.org/lodash set size:undefined disposed:false
442 http fetch GET 200 https://registry.npmjs.org/resolve 55ms (cache miss)
443 silly packumentCache full:https://registry.npmjs.org/resolve set size:undefined disposed:false
444 silly placeDep node_modules/pm2/node_modules/@pm2/js-api async@2.6.4 OK for: @pm2/js-api@0.8.0 want: ^2.6.3
445 silly placeDep node_modules/pm2/node_modules/@pm2/js-api debug@4.3.7 OK for: @pm2/js-api@0.8.0 want: ~4.3.1
446 silly placeDep node_modules/pm2/node_modules/@pm2/js-api eventemitter2@6.4.9 OK for: @pm2/js-api@0.8.0 want: ^6.3.1
447 silly placeDep node_modules/pm2 extrareqp2@1.0.0 OK for: @pm2/js-api@0.8.0 want: ^1.0.0
448 silly fetch manifest follow-redirects@^1.14.0
449 silly packumentCache full:https://registry.npmjs.org/follow-redirects cache-miss
450 http fetch GET 200 https://registry.npmjs.org/follow-redirects 28ms (cache miss)
451 silly packumentCache full:https://registry.npmjs.org/follow-redirects set size:undefined disposed:false
452 silly placeDep node_modules/pm2 ansi-styles@4.3.0 OK for: chalk@3.0.0 want: ^4.1.0
453 silly placeDep node_modules/pm2 supports-color@7.2.0 OK for: chalk@3.0.0 want: ^7.1.0
454 silly fetch manifest color-convert@^2.0.1
455 silly packumentCache full:https://registry.npmjs.org/color-convert cache-miss
456 silly fetch manifest has-flag@^4.0.0
457 silly packumentCache full:https://registry.npmjs.org/has-flag cache-miss
458 http fetch GET 200 https://registry.npmjs.org/has-flag 26ms (cache miss)
459 silly packumentCache full:https://registry.npmjs.org/has-flag set size:undefined disposed:false
460 http fetch GET 200 https://registry.npmjs.org/color-convert 29ms (cache miss)
461 silly packumentCache full:https://registry.npmjs.org/color-convert set size:undefined disposed:false
462 silly placeDep node_modules/pm2 color-convert@2.0.1 OK for: ansi-styles@4.3.0 want: ^2.0.1
463 silly fetch manifest color-name@~1.1.4
464 silly packumentCache full:https://registry.npmjs.org/color-name cache-miss
465 http fetch GET 200 https://registry.npmjs.org/color-name 26ms (cache miss)
466 silly packumentCache full:https://registry.npmjs.org/color-name set size:undefined disposed:false
467 silly placeDep node_modules/pm2 anymatch@3.1.3 OK for: chokidar@3.6.0 want: ~3.1.2
468 silly placeDep node_modules/pm2 braces@3.0.3 OK for: chokidar@3.6.0 want: ~3.0.2
469 silly placeDep node_modules/pm2 fsevents@2.3.3 OK for: chokidar@3.6.0 want: ~2.3.2
470 silly placeDep node_modules/pm2 glob-parent@5.1.2 OK for: chokidar@3.6.0 want: ~5.1.2
471 silly placeDep node_modules/pm2 is-binary-path@2.1.0 OK for: chokidar@3.6.0 want: ~2.1.0
472 silly placeDep node_modules/pm2 is-glob@4.0.3 OK for: chokidar@3.6.0 want: ~4.0.1
473 silly placeDep node_modules/pm2 normalize-path@3.0.0 OK for: chokidar@3.6.0 want: ~3.0.0
474 silly placeDep node_modules/pm2 readdirp@3.6.0 OK for: chokidar@3.6.0 want: ~3.6.0
475 silly fetch manifest picomatch@^2.0.4
476 silly packumentCache full:https://registry.npmjs.org/picomatch cache-miss
477 silly fetch manifest normalize-path@^3.0.0
478 silly packumentCache full:https://registry.npmjs.org/normalize-path cache-miss
479 silly fetch manifest fill-range@^7.1.1
480 silly packumentCache full:https://registry.npmjs.org/fill-range cache-miss
481 silly fetch manifest is-glob@^4.0.1
482 silly packumentCache full:https://registry.npmjs.org/is-glob cache-miss
483 silly fetch manifest binary-extensions@^2.0.0
484 silly packumentCache full:https://registry.npmjs.org/binary-extensions cache-miss
485 http cache https://registry.npmjs.org/normalize-path 39ms (cache hit)
486 silly packumentCache full:https://registry.npmjs.org/normalize-path set size:28713 disposed:false
487 silly fetch manifest is-extglob@^2.1.1
488 silly packumentCache full:https://registry.npmjs.org/is-extglob cache-miss
489 http cache https://registry.npmjs.org/is-glob 41ms (cache hit)
490 silly packumentCache full:https://registry.npmjs.org/is-glob set size:40530 disposed:false
491 silly fetch manifest picomatch@^2.2.1
492 silly packumentCache full:https://registry.npmjs.org/picomatch cache-miss
493 http fetch GET 200 https://registry.npmjs.org/binary-extensions 49ms (cache miss)
494 silly packumentCache full:https://registry.npmjs.org/binary-extensions set size:undefined disposed:false
495 http fetch GET 200 https://registry.npmjs.org/fill-range 66ms (cache miss)
496 silly packumentCache full:https://registry.npmjs.org/fill-range set size:undefined disposed:false
497 http fetch GET 200 https://registry.npmjs.org/picomatch 73ms (cache miss)
498 silly packumentCache full:https://registry.npmjs.org/picomatch set size:undefined disposed:false
499 http fetch GET 200 https://registry.npmjs.org/picomatch 39ms (cache miss)
500 silly packumentCache full:https://registry.npmjs.org/picomatch set size:undefined disposed:false
501 http fetch GET 200 https://registry.npmjs.org/is-extglob 244ms (cache miss)
502 silly packumentCache full:https://registry.npmjs.org/is-extglob set size:undefined disposed:false
503 silly placeDep node_modules/pm2 picomatch@2.3.1 OK for: anymatch@3.1.3 want: ^2.0.4
504 silly placeDep node_modules/pm2 fill-range@7.1.1 OK for: braces@3.0.3 want: ^7.1.1
505 silly fetch manifest to-regex-range@^5.0.1
506 silly packumentCache full:https://registry.npmjs.org/to-regex-range cache-miss
507 http fetch GET 200 https://registry.npmjs.org/to-regex-range 25ms (cache miss)
508 silly packumentCache full:https://registry.npmjs.org/to-regex-range set size:undefined disposed:false
509 silly placeDep node_modules/pm2 color-name@1.1.4 OK for: color-convert@2.0.1 want: ~1.1.4
510 silly placeDep node_modules/pm2 ms@2.1.3 OK for: debug@4.4.3 want: ^2.1.3
511 silly placeDep node_modules/pm2 ansi-colors@4.1.3 OK for: enquirer@2.3.6 want: ^4.1.1
512 silly placeDep node_modules/pm2 follow-redirects@1.15.11 OK for: extrareqp2@1.0.0 want: ^1.14.0
513 silly placeDep node_modules/pm2 to-regex-range@5.0.1 OK for: fill-range@7.1.1 want: ^5.0.1
514 silly fetch manifest is-number@^7.0.0
515 silly packumentCache full:https://registry.npmjs.org/is-number cache-miss
516 http fetch GET 200 https://registry.npmjs.org/is-number 572ms (cache miss)
517 silly packumentCache full:https://registry.npmjs.org/is-number set size:undefined disposed:false
518 silly placeDep node_modules/pm2 binary-extensions@2.3.0 OK for: is-binary-path@2.1.0 want: ^2.0.0
519 silly placeDep node_modules/pm2 is-extglob@2.1.1 OK for: is-glob@4.0.3 want: ^2.1.1
520 silly placeDep node_modules/pm2 argparse@2.0.1 OK for: js-yaml@4.1.1 want: ^2.0.1
521 silly placeDep node_modules/pm2/node_modules/needle debug@3.2.7 OK for: needle@2.4.0 want: ^3.2.6
522 silly placeDep node_modules/pm2 iconv-lite@0.4.24 OK for: needle@2.4.0 want: ^0.4.4
523 silly placeDep node_modules/pm2 sax@1.4.4 OK for: needle@2.4.0 want: ^1.2.4
524 silly fetch manifest safer-buffer@>= 2.1.2 < 3
525 silly packumentCache full:https://registry.npmjs.org/safer-buffer cache-miss
526 http fetch GET 200 https://registry.npmjs.org/safer-buffer 564ms (cache miss)
527 silly packumentCache full:https://registry.npmjs.org/safer-buffer set size:undefined disposed:false
528 silly placeDep node_modules/pm2 safer-buffer@2.1.2 OK for: iconv-lite@0.4.24 want: >= 2.1.2 < 3
529 silly placeDep node_modules/pm2 safe-buffer@5.2.1 OK for: pidusage@3.0.2 want: ^5.2.1
530 silly placeDep node_modules/pm2 amp@0.3.1 OK for: pm2-axon@4.0.1 want: ~0.3.1
531 silly placeDep node_modules/pm2 amp-message@0.1.2 OK for: pm2-axon@4.0.1 want: ~0.1.1
532 silly placeDep node_modules/pm2 escape-string-regexp@4.0.0 OK for: pm2-axon@4.0.1 want: ^4.0.0
533 silly placeDep node_modules/pm2 run-series@1.1.9 OK for: pm2-deploy@1.0.2 want: ^1.1.8
534 silly placeDep node_modules/pm2 tv4@1.3.0 OK for: pm2-deploy@1.0.2 want: ^1.3.0
535 silly placeDep node_modules/pm2 charm@0.1.2 OK for: pm2-multimeter@0.1.2 want: ~0.1.1
536 silly placeDep node_modules/pm2/node_modules/pm2-sysmonit pidusage@2.0.21 OK for: pm2-sysmonit@1.2.8 want: ^2.0.21
537 silly placeDep node_modules/pm2 systeminformation@5.30.7 OK for: pm2-sysmonit@1.2.8 want: ^5.7
538 silly placeDep node_modules/pm2 tx2@1.0.5 OK for: pm2-sysmonit@1.2.8 want: ~1.0.4
539 silly fetch manifest json-stringify-safe@^5.0.1
540 silly packumentCache full:https://registry.npmjs.org/json-stringify-safe cache-miss
541 http fetch GET 200 https://registry.npmjs.org/json-stringify-safe 25ms (cache miss)
542 silly packumentCache full:https://registry.npmjs.org/json-stringify-safe set size:undefined disposed:false
543 silly placeDep node_modules/pm2 read@1.0.7 OK for: promptly@2.2.0 want: ^1.0.4
544 silly fetch manifest mute-stream@~0.0.4
545 silly packumentCache full:https://registry.npmjs.org/mute-stream cache-miss
546 http fetch GET 200 https://registry.npmjs.org/mute-stream 223ms (cache miss)
547 silly packumentCache full:https://registry.npmjs.org/mute-stream set size:undefined disposed:false
548 silly placeDep node_modules/pm2 agent-base@7.1.4 OK for: proxy-agent@6.4.0 want: ^7.0.2
549 silly placeDep node_modules/pm2 http-proxy-agent@7.0.2 OK for: proxy-agent@6.4.0 want: ^7.0.1
550 silly placeDep node_modules/pm2 https-proxy-agent@7.0.6 OK for: proxy-agent@6.4.0 want: ^7.0.3
551 silly placeDep node_modules/pm2 lru-cache@7.18.3 OK for: proxy-agent@6.4.0 want: ^7.14.1
552 silly placeDep node_modules/pm2 pac-proxy-agent@7.2.0 OK for: proxy-agent@6.4.0 want: ^7.0.1
553 silly placeDep node_modules/pm2 proxy-from-env@1.1.0 OK for: proxy-agent@6.4.0 want: ^1.1.0
554 silly placeDep node_modules/pm2 socks-proxy-agent@8.0.5 OK for: proxy-agent@6.4.0 want: ^8.0.2
555 silly fetch manifest @tootallnate/quickjs-emscripten@^0.23.0
556 silly packumentCache full:https://registry.npmjs.org/@tootallnate%2fquickjs-emscripten cache-miss
557 silly fetch manifest get-uri@^6.0.1
558 silly packumentCache full:https://registry.npmjs.org/get-uri cache-miss
559 silly fetch manifest pac-resolver@^7.0.1
560 silly packumentCache full:https://registry.npmjs.org/pac-resolver cache-miss
561 silly fetch manifest socks-proxy-agent@^8.0.5
562 silly packumentCache full:https://registry.npmjs.org/socks-proxy-agent cache-miss
563 silly fetch manifest socks@^2.8.3
564 silly packumentCache full:https://registry.npmjs.org/socks cache-miss
565 http cache https://registry.npmjs.org/socks-proxy-agent 15ms (cache hit)
566 silly packumentCache full:https://registry.npmjs.org/socks-proxy-agent set size:96838 disposed:false
567 http fetch GET 200 https://registry.npmjs.org/get-uri 40ms (cache miss)
568 silly packumentCache full:https://registry.npmjs.org/get-uri set size:undefined disposed:false
569 http fetch GET 200 https://registry.npmjs.org/socks 44ms (cache miss)
570 silly packumentCache full:https://registry.npmjs.org/socks set size:undefined disposed:false
571 http fetch GET 200 https://registry.npmjs.org/@tootallnate%2fquickjs-emscripten 54ms (cache miss)
572 silly packumentCache full:https://registry.npmjs.org/@tootallnate%2fquickjs-emscripten set size:undefined disposed:false
573 http fetch GET 200 https://registry.npmjs.org/pac-resolver 54ms (cache miss)
574 silly packumentCache full:https://registry.npmjs.org/pac-resolver set size:undefined disposed:false
575 silly placeDep node_modules/pm2 @tootallnate/quickjs-emscripten@0.23.0 OK for: pac-proxy-agent@7.2.0 want: ^0.23.0
576 silly placeDep node_modules/pm2 get-uri@6.0.5 OK for: pac-proxy-agent@7.2.0 want: ^6.0.1
577 silly placeDep node_modules/pm2 pac-resolver@7.0.1 OK for: pac-proxy-agent@7.2.0 want: ^7.0.1
578 silly fetch manifest basic-ftp@^5.0.2
579 silly packumentCache full:https://registry.npmjs.org/basic-ftp cache-miss
580 silly fetch manifest data-uri-to-buffer@^6.0.2
581 silly packumentCache full:https://registry.npmjs.org/data-uri-to-buffer cache-miss
582 silly fetch manifest degenerator@^5.0.0
583 silly packumentCache full:https://registry.npmjs.org/degenerator cache-miss
584 silly fetch manifest netmask@^2.0.2
585 silly packumentCache full:https://registry.npmjs.org/netmask cache-miss
586 http fetch GET 200 https://registry.npmjs.org/netmask 34ms (cache miss)
587 silly packumentCache full:https://registry.npmjs.org/netmask set size:undefined disposed:false
588 http fetch GET 200 https://registry.npmjs.org/data-uri-to-buffer 38ms (cache miss)
589 silly packumentCache full:https://registry.npmjs.org/data-uri-to-buffer set size:undefined disposed:false
590 http fetch GET 200 https://registry.npmjs.org/basic-ftp 44ms (cache miss)
591 silly packumentCache full:https://registry.npmjs.org/basic-ftp set size:undefined disposed:false
592 http fetch GET 200 https://registry.npmjs.org/degenerator 221ms (cache miss)
593 silly packumentCache full:https://registry.npmjs.org/degenerator set size:undefined disposed:false
594 silly placeDep node_modules/pm2 basic-ftp@5.1.0 OK for: get-uri@6.0.5 want: ^5.0.2
595 silly placeDep node_modules/pm2 data-uri-to-buffer@6.0.2 OK for: get-uri@6.0.5 want: ^6.0.2
596 silly placeDep node_modules/pm2 degenerator@5.0.1 OK for: pac-resolver@7.0.1 want: ^5.0.0
597 silly placeDep node_modules/pm2 netmask@2.0.2 OK for: pac-resolver@7.0.1 want: ^2.0.2
598 silly fetch manifest ast-types@^0.13.4
599 silly packumentCache full:https://registry.npmjs.org/ast-types cache-miss
600 silly fetch manifest escodegen@^2.1.0
601 silly packumentCache full:https://registry.npmjs.org/escodegen cache-miss
602 silly fetch manifest esprima@^4.0.1
603 silly packumentCache full:https://registry.npmjs.org/esprima cache-miss
604 http fetch GET 200 https://registry.npmjs.org/escodegen 37ms (cache miss)
605 silly packumentCache full:https://registry.npmjs.org/escodegen set size:undefined disposed:false
606 http fetch GET 200 https://registry.npmjs.org/esprima 42ms (cache miss)
607 silly packumentCache full:https://registry.npmjs.org/esprima set size:undefined disposed:false
608 http fetch GET 200 https://registry.npmjs.org/ast-types 48ms (cache miss)
609 silly packumentCache full:https://registry.npmjs.org/ast-types set size:undefined disposed:false
610 silly placeDep node_modules/pm2 ast-types@0.13.4 OK for: degenerator@5.0.1 want: ^0.13.4
611 silly placeDep node_modules/pm2 escodegen@2.1.0 OK for: degenerator@5.0.1 want: ^2.1.0
612 silly placeDep node_modules/pm2 esprima@4.0.1 OK for: degenerator@5.0.1 want: ^4.0.1
613 silly fetch manifest tslib@^2.0.1
614 silly packumentCache full:https://registry.npmjs.org/tslib cache-miss
615 silly fetch manifest estraverse@^5.2.0
616 silly packumentCache full:https://registry.npmjs.org/estraverse cache-miss
617 silly fetch manifest esutils@^2.0.2
618 silly packumentCache full:https://registry.npmjs.org/esutils cache-miss
619 silly fetch manifest source-map@~0.6.1
620 silly packumentCache full:https://registry.npmjs.org/source-map cache-miss
621 http cache https://registry.npmjs.org/tslib 12ms (cache hit)
622 silly packumentCache full:https://registry.npmjs.org/tslib set size:108760 disposed:false
623 http cache https://registry.npmjs.org/source-map 12ms (cache hit)
624 silly packumentCache full:https://registry.npmjs.org/source-map set size:226141 disposed:false
625 http fetch GET 200 https://registry.npmjs.org/esutils 25ms (cache miss)
626 silly packumentCache full:https://registry.npmjs.org/esutils set size:undefined disposed:false
627 http fetch GET 200 https://registry.npmjs.org/estraverse 593ms (cache miss)
628 silly packumentCache full:https://registry.npmjs.org/estraverse set size:undefined disposed:false
629 silly placeDep node_modules/pm2/node_modules/ast-types tslib@2.8.1 OK for: ast-types@0.13.4 want: ^2.0.1
630 silly placeDep node_modules/pm2 estraverse@5.3.0 OK for: escodegen@2.1.0 want: ^5.2.0
631 silly placeDep node_modules/pm2 esutils@2.0.3 OK for: escodegen@2.1.0 want: ^2.0.2
632 silly placeDep node_modules/pm2 source-map@0.6.1 OK for: escodegen@2.1.0 want: ~0.6.1
633 silly placeDep node_modules/pm2 mute-stream@0.0.8 OK for: read@1.0.7 want: ~0.0.4
634 silly placeDep node_modules/pm2 module-details-from-path@1.0.4 OK for: require-in-the-middle@5.2.0 want: ^1.0.3
635 silly placeDep node_modules/pm2 resolve@1.22.11 OK for: require-in-the-middle@5.2.0 want: ^1.22.1
636 silly fetch manifest is-core-module@^2.16.1
637 silly packumentCache full:https://registry.npmjs.org/is-core-module cache-miss
638 silly fetch manifest path-parse@^1.0.7
639 silly packumentCache full:https://registry.npmjs.org/path-parse cache-miss
640 silly fetch manifest supports-preserve-symlinks-flag@^1.0.0
641 silly packumentCache full:https://registry.npmjs.org/supports-preserve-symlinks-flag cache-miss
642 http fetch GET 200 https://registry.npmjs.org/supports-preserve-symlinks-flag 39ms (cache miss)
643 silly packumentCache full:https://registry.npmjs.org/supports-preserve-symlinks-flag set size:undefined disposed:false
644 http fetch GET 200 https://registry.npmjs.org/is-core-module 78ms (cache miss)
645 silly packumentCache full:https://registry.npmjs.org/is-core-module set size:undefined disposed:false
646 http fetch GET 200 https://registry.npmjs.org/path-parse 236ms (cache miss)
647 silly packumentCache full:https://registry.npmjs.org/path-parse set size:undefined disposed:false
648 silly placeDep node_modules/pm2 is-core-module@2.16.1 OK for: resolve@1.22.11 want: ^2.16.1
649 silly placeDep node_modules/pm2 path-parse@1.0.7 OK for: resolve@1.22.11 want: ^1.0.7
650 silly placeDep node_modules/pm2 supports-preserve-symlinks-flag@1.0.0 OK for: resolve@1.22.11 want: ^1.0.0
651 silly fetch manifest hasown@^2.0.2
652 silly packumentCache full:https://registry.npmjs.org/hasown cache-miss
653 http fetch GET 200 https://registry.npmjs.org/hasown 25ms (cache miss)
654 silly packumentCache full:https://registry.npmjs.org/hasown set size:undefined disposed:false
655 silly placeDep node_modules/pm2 hasown@2.0.2 OK for: is-core-module@2.16.1 want: ^2.0.2
656 silly fetch manifest function-bind@^1.1.2
657 silly packumentCache full:https://registry.npmjs.org/function-bind cache-miss
658 http fetch GET 200 https://registry.npmjs.org/function-bind 26ms (cache miss)
659 silly packumentCache full:https://registry.npmjs.org/function-bind set size:undefined disposed:false
660 silly placeDep node_modules/pm2 function-bind@1.1.2 OK for: hasown@2.0.2 want: ^1.1.2
661 silly placeDep node_modules/pm2 socks@2.8.7 OK for: socks-proxy-agent@8.0.5 want: ^2.8.3
662 silly fetch manifest ip-address@^10.0.1
663 silly packumentCache full:https://registry.npmjs.org/ip-address cache-miss
664 silly fetch manifest smart-buffer@^4.2.0
665 silly packumentCache full:https://registry.npmjs.org/smart-buffer cache-miss
666 http fetch GET 200 https://registry.npmjs.org/ip-address 36ms (cache miss)
667 silly packumentCache full:https://registry.npmjs.org/ip-address set size:undefined disposed:false
668 http fetch GET 200 https://registry.npmjs.org/smart-buffer 221ms (cache miss)
669 silly packumentCache full:https://registry.npmjs.org/smart-buffer set size:undefined disposed:false
670 silly placeDep node_modules/pm2 ip-address@10.1.0 OK for: socks@2.8.7 want: ^10.0.1
671 silly placeDep node_modules/pm2 smart-buffer@4.2.0 OK for: socks@2.8.7 want: ^4.2.0
672 silly placeDep node_modules/pm2 buffer-from@1.1.2 OK for: source-map-support@0.5.21 want: ^1.0.0
673 silly placeDep node_modules/pm2 has-flag@4.0.0 OK for: supports-color@7.2.0 want: ^4.0.0
674 silly placeDep node_modules/pm2 is-number@7.0.0 OK for: to-regex-range@5.0.1 want: ^7.0.0
675 silly placeDep node_modules/pm2 json-stringify-safe@5.0.1 OK for: tx2@1.0.5 want: ^5.0.1
676 silly placeDep node_modules/pm2/node_modules/vizion async@2.6.4 OK for: vizion@2.2.1 want: ^2.6.3
677 silly placeDep node_modules/pm2 git-node-fs@1.0.0 OK for: vizion@2.2.1 want: ^1.0.0
678 silly placeDep node_modules/pm2 ini@1.3.8 OK for: vizion@2.2.1 want: ^1.3.5
679 silly placeDep node_modules/pm2 js-git@0.7.8 OK for: vizion@2.2.1 want: ^0.7.8
680 silly fetch manifest bodec@^0.1.0
681 silly packumentCache full:https://registry.npmjs.org/bodec cache-miss
682 silly fetch manifest culvert@^0.1.2
683 silly packumentCache full:https://registry.npmjs.org/culvert cache-miss
684 silly fetch manifest git-sha1@^0.1.2
685 silly packumentCache full:https://registry.npmjs.org/git-sha1 cache-miss
686 silly fetch manifest pako@^0.2.5
687 silly packumentCache full:https://registry.npmjs.org/pako cache-miss
688 http fetch GET 200 https://registry.npmjs.org/pako 34ms (cache miss)
689 silly packumentCache full:https://registry.npmjs.org/pako set size:undefined disposed:false
690 http fetch GET 200 https://registry.npmjs.org/culvert 201ms (cache miss)
691 silly packumentCache full:https://registry.npmjs.org/culvert set size:undefined disposed:false
692 http fetch GET 200 https://registry.npmjs.org/bodec 210ms (cache miss)
693 silly packumentCache full:https://registry.npmjs.org/bodec set size:undefined disposed:false
694 http fetch GET 200 https://registry.npmjs.org/git-sha1 222ms (cache miss)
695 silly packumentCache full:https://registry.npmjs.org/git-sha1 set size:undefined disposed:false
696 silly placeDep node_modules/pm2 bodec@0.1.0 OK for: js-git@0.7.8 want: ^0.1.0
697 silly placeDep node_modules/pm2 culvert@0.1.2 OK for: js-git@0.7.8 want: ^0.1.2
698 silly placeDep node_modules/pm2 git-sha1@0.1.2 OK for: js-git@0.7.8 want: ^0.1.2
699 silly placeDep node_modules/pm2 pako@0.2.9 OK for: js-git@0.7.8 want: ^0.2.5
700 silly placeDep node_modules/pm2/node_modules/@pm2/agent lru-cache@6.0.0 OK for: semver@7.5.4 want: ^6.0.0
701 silly fetch manifest yallist@^4.0.0
702 silly packumentCache full:https://registry.npmjs.org/yallist cache-miss
703 http fetch GET 200 https://registry.npmjs.org/yallist 23ms (cache miss)
704 silly packumentCache full:https://registry.npmjs.org/yallist set size:undefined disposed:false
705 silly placeDep node_modules/pm2 yallist@4.0.0 OK for: lru-cache@6.0.0 want: ^4.0.0
706 silly placeDep node_modules/pm2 lodash@4.17.23 OK for: async@2.6.4 want: ^4.17.14
707 silly placeDep node_modules/pm2/node_modules/@pm2/io lru-cache@6.0.0 OK for: semver@7.5.4 want: ^6.0.0
708 silly reify moves {}
709 verbose stack Error: ENOENT: no such file or directory, mkdir '/usr/local/lib/node_modules/pm2'
709 verbose stack     at async mkdir (node:internal/fs/promises:853:10)
709 verbose stack     at async /usr/local/lib/node_modules/npm/node_modules/@npmcli/arborist/lib/arborist/reify.js:572:20
709 verbose stack     at async Promise.allSettled (index 0)
709 verbose stack     at async #reifyPackages (/usr/local/lib/node_modules/npm/node_modules/@npmcli/arborist/lib/arborist/reify.js:309:11)
709 verbose stack     at async Arborist.reify (/usr/local/lib/node_modules/npm/node_modules/@npmcli/arborist/lib/arborist/reify.js:121:5)
709 verbose stack     at async Install.exec (/usr/local/lib/node_modules/npm/lib/commands/install.js:151:5)
709 verbose stack     at async Npm.exec (/usr/local/lib/node_modules/npm/lib/npm.js:208:9)
709 verbose stack     at async module.exports (/usr/local/lib/node_modules/npm/lib/cli/entry.js:67:5)
710 error code ENOENT
711 error syscall mkdir
712 error path /usr/local/lib/node_modules/pm2
713 error errno -2
714 error enoent ENOENT: no such file or directory, mkdir '/usr/local/lib/node_modules/pm2'
715 error enoent This is related to npm not being able to find a file.
715 error enoent
716 silly unfinished npm timer reify 1770855322269
717 silly unfinished npm timer reify:createSparse 1770855328642
718 verbose cwd /home/container
719 verbose os Linux 6.1.0-42-cloud-amd64
720 verbose node v20.20.0
721 verbose npm  v11.9.0
722 notice
722 notice New [33mminor[39m version of npm available! [33m11.9.0[39m -> [34m11.10.0[39m
722 notice Changelog: [34mhttps://github.com/npm/cli/releases/tag/v11.10.0[39m
722 notice To update run: [4mnpm install -g npm@11.10.0[24m
722 notice  { force: true, [Symbol(proc-log.meta)]: true }
723 verbose exit -2
724 verbose code -2
725 error A complete log of this run can be found in: /home/container/.npm/_logs/2026-02-12T00_15_21_804Z-debug-0.log
