0 verbose cli /usr/local/bin/node /usr/local/bin/npm
1 info using npm@11.9.0
2 info using node@v20.20.0
3 silly config load:file:/usr/local/lib/node_modules/npm/npmrc
4 silly config load:file:/home/container/.npmrc
5 silly config load:file:/usr/local/etc/npmrc
6 verbose title npm install pm2
7 verbose argv "install" "--global" "pm2"
8 verbose logfile logs-max:10 dir:/home/container/.npm/_logs/2026-02-12T00_21_33_592Z-
9 verbose logfile /home/container/.npm/_logs/2026-02-12T00_21_33_592Z-debug-0.log
10 silly packumentCache heap:2197815296 maxSize:549453824 maxEntrySize:274726912
11 silly logfile done cleaning log files
12 silly idealTree buildDeps
13 silly fetch manifest pm2@*
14 silly packumentCache full:https://registry.npmjs.org/pm2 cache-miss
15 http fetch GET 200 https://registry.npmjs.org/pm2 311ms (cache revalidated)
16 silly packumentCache full:https://registry.npmjs.org/pm2 set size:1051878 disposed:false
17 silly placeDep ROOT pm2@6.0.14 OK for:  want: *
18 silly fetch manifest @pm2/agent@~2.1.1
19 silly packumentCache full:https://registry.npmjs.org/@pm2%2fagent cache-miss
20 silly fetch manifest @pm2/js-api@~0.8.0
21 silly packumentCache full:https://registry.npmjs.org/@pm2%2fjs-api cache-miss
22 silly fetch manifest @pm2/io@~6.1.0
23 silly packumentCache full:https://registry.npmjs.org/@pm2%2fio cache-miss
24 silly fetch manifest @pm2/pm2-version-check@^1.0.4
25 silly packumentCache full:https://registry.npmjs.org/@pm2%2fpm2-version-check cache-miss
26 silly fetch manifest ansis@4.0.0-node10
27 silly packumentCache full:https://registry.npmjs.org/ansis cache-miss
28 http fetch GET 200 https://registry.npmjs.org/ansis 253ms (cache revalidated)
29 silly packumentCache full:https://registry.npmjs.org/ansis set size:213062 disposed:false
30 silly fetch manifest async@3.2.6
31 silly packumentCache full:https://registry.npmjs.org/async cache-miss
32 http fetch GET 200 https://registry.npmjs.org/async 26ms (cache revalidated)
33 silly packumentCache full:https://registry.npmjs.org/async set size:230496 disposed:false
34 silly fetch manifest @pm2/blessed@0.1.81
35 silly packumentCache full:https://registry.npmjs.org/@pm2%2fblessed cache-miss
36 http fetch GET 200 https://registry.npmjs.org/@pm2%2fagent 449ms (cache revalidated)
37 silly packumentCache full:https://registry.npmjs.org/@pm2%2fagent set size:110996 disposed:false
38 silly fetch manifest chokidar@3.6.0
39 silly packumentCache full:https://registry.npmjs.org/chokidar cache-miss
40 http fetch GET 200 https://registry.npmjs.org/@pm2%2fpm2-version-check 465ms (cache revalidated)
41 silly packumentCache full:https://registry.npmjs.org/@pm2%2fpm2-version-check set size:11335 disposed:false
42 silly fetch manifest cli-tableau@2.0.1
43 silly packumentCache full:https://registry.npmjs.org/cli-tableau cache-miss
44 http fetch GET 200 https://registry.npmjs.org/chokidar 23ms (cache revalidated)
45 silly packumentCache full:https://registry.npmjs.org/chokidar set size:255902 disposed:false
46 silly fetch manifest commander@2.15.1
47 silly packumentCache full:https://registry.npmjs.org/commander cache-miss
48 http fetch GET 200 https://registry.npmjs.org/@pm2%2fio 490ms (cache revalidated)
49 silly packumentCache full:https://registry.npmjs.org/@pm2%2fio set size:523015 disposed:false
50 silly fetch manifest croner@4.1.97
51 silly packumentCache full:https://registry.npmjs.org/croner cache-miss
52 http fetch GET 200 https://registry.npmjs.org/commander 44ms (cache revalidated)
53 silly packumentCache full:https://registry.npmjs.org/commander set size:348500 disposed:false
54 silly fetch manifest dayjs@1.11.15
55 silly packumentCache full:https://registry.npmjs.org/dayjs cache-miss
56 http fetch GET 200 https://registry.npmjs.org/croner 43ms (cache revalidated)
57 silly packumentCache full:https://registry.npmjs.org/croner set size:722080 disposed:false
58 silly fetch manifest debug@4.4.3
59 silly packumentCache full:https://registry.npmjs.org/debug cache-miss
60 http cache https://registry.npmjs.org/debug 5ms (cache hit)
61 silly packumentCache full:https://registry.npmjs.org/debug set size:195840 disposed:false
62 silly fetch manifest enquirer@2.3.6
63 silly packumentCache full:https://registry.npmjs.org/enquirer cache-miss
64 http fetch GET 200 https://registry.npmjs.org/enquirer 31ms (cache revalidated)
65 silly packumentCache full:https://registry.npmjs.org/enquirer set size:203040 disposed:false
66 silly fetch manifest eventemitter2@5.0.1
67 silly packumentCache full:https://registry.npmjs.org/eventemitter2 cache-miss
68 http fetch GET 200 https://registry.npmjs.org/eventemitter2 216ms (cache revalidated)
69 silly packumentCache full:https://registry.npmjs.org/eventemitter2 set size:172525 disposed:false
70 silly fetch manifest fclone@1.0.11
71 silly packumentCache full:https://registry.npmjs.org/fclone cache-miss
72 http fetch GET 200 https://registry.npmjs.org/@pm2%2fjs-api 865ms (cache revalidated)
73 silly packumentCache full:https://registry.npmjs.org/@pm2%2fjs-api set size:219753 disposed:false
74 silly fetch manifest mkdirp@1.0.4
75 silly packumentCache full:https://registry.npmjs.org/mkdirp cache-miss
76 http fetch GET 200 https://registry.npmjs.org/mkdirp 25ms (cache revalidated)
77 silly packumentCache full:https://registry.npmjs.org/mkdirp set size:116455 disposed:false
78 silly fetch manifest needle@2.4.0
79 silly packumentCache full:https://registry.npmjs.org/needle cache-miss
80 http fetch GET 200 https://registry.npmjs.org/needle 24ms (cache revalidated)
81 silly packumentCache full:https://registry.npmjs.org/needle set size:227370 disposed:false
82 silly fetch manifest pidusage@3.0.2
83 silly packumentCache full:https://registry.npmjs.org/pidusage cache-miss
84 http fetch GET 200 https://registry.npmjs.org/fclone 214ms (cache revalidated)
85 silly packumentCache full:https://registry.npmjs.org/fclone set size:19653 disposed:false
86 silly fetch manifest pm2-axon@~4.0.1
87 silly packumentCache full:https://registry.npmjs.org/pm2-axon cache-miss
88 http fetch GET 200 https://registry.npmjs.org/cli-tableau 580ms (cache revalidated)
89 silly packumentCache full:https://registry.npmjs.org/cli-tableau set size:9593 disposed:false
90 silly fetch manifest pm2-axon-rpc@~0.7.1
91 silly packumentCache full:https://registry.npmjs.org/pm2-axon-rpc cache-miss
92 http fetch GET 200 https://registry.npmjs.org/@pm2%2fblessed 771ms (cache revalidated)
93 silly packumentCache full:https://registry.npmjs.org/@pm2%2fblessed set size:70238 disposed:false
94 silly fetch manifest pm2-deploy@~1.0.2
95 silly packumentCache full:https://registry.npmjs.org/pm2-deploy cache-miss
96 http fetch GET 200 https://registry.npmjs.org/dayjs 565ms (cache revalidated)
97 silly packumentCache full:https://registry.npmjs.org/dayjs set size:483478 disposed:false
98 silly fetch manifest pm2-multimeter@^0.1.2
99 silly packumentCache full:https://registry.npmjs.org/pm2-multimeter cache-miss
100 http fetch GET 200 https://registry.npmjs.org/pidusage 213ms (cache revalidated)
101 silly packumentCache full:https://registry.npmjs.org/pidusage set size:111034 disposed:false
102 silly fetch manifest promptly@2.2.0
103 silly packumentCache full:https://registry.npmjs.org/promptly cache-miss
104 http fetch GET 200 https://registry.npmjs.org/pm2-axon 203ms (cache revalidated)
105 silly packumentCache full:https://registry.npmjs.org/pm2-axon set size:44221 disposed:false
106 silly fetch manifest semver@7.7.2
107 silly packumentCache full:https://registry.npmjs.org/semver cache-miss
108 http cache https://registry.npmjs.org/semver 11ms (cache hit)
109 silly packumentCache full:https://registry.npmjs.org/semver set size:229678 disposed:false
110 silly fetch manifest source-map-support@0.5.21
111 silly packumentCache full:https://registry.npmjs.org/source-map-support cache-miss
112 http fetch GET 200 https://registry.npmjs.org/source-map-support 23ms (cache revalidated)
113 silly packumentCache full:https://registry.npmjs.org/source-map-support set size:125488 disposed:false
114 silly fetch manifest sprintf-js@1.1.2
115 silly packumentCache full:https://registry.npmjs.org/sprintf-js cache-miss
116 http fetch GET 200 https://registry.npmjs.org/pm2-axon-rpc 237ms (cache revalidated)
117 silly packumentCache full:https://registry.npmjs.org/pm2-axon-rpc set size:41743 disposed:false
118 silly fetch manifest vizion@~2.2.1
119 silly packumentCache full:https://registry.npmjs.org/vizion cache-miss
120 http fetch GET 200 https://registry.npmjs.org/sprintf-js 31ms (cache revalidated)
121 silly packumentCache full:https://registry.npmjs.org/sprintf-js set size:20495 disposed:false
122 silly fetch manifest js-yaml@4.1.1
123 silly packumentCache full:https://registry.npmjs.org/js-yaml cache-miss
124 http fetch GET 200 https://registry.npmjs.org/js-yaml 24ms (cache revalidated)
125 silly packumentCache full:https://registry.npmjs.org/js-yaml set size:152232 disposed:false
126 silly fetch manifest pm2-sysmonit@^1.2.8
127 silly packumentCache full:https://registry.npmjs.org/pm2-sysmonit cache-miss
128 http fetch GET 200 https://registry.npmjs.org/promptly 231ms (cache revalidated)
129 silly packumentCache full:https://registry.npmjs.org/promptly set size:37330 disposed:false
130 http fetch GET 200 https://registry.npmjs.org/vizion 203ms (cache revalidated)
131 silly packumentCache full:https://registry.npmjs.org/vizion set size:64651 disposed:false
132 http fetch GET 200 https://registry.npmjs.org/pm2-deploy 543ms (cache revalidated)
133 silly packumentCache full:https://registry.npmjs.org/pm2-deploy set size:43526 disposed:false
134 http fetch GET 200 https://registry.npmjs.org/pm2-multimeter 598ms (cache revalidated)
135 silly packumentCache full:https://registry.npmjs.org/pm2-multimeter set size:7686 disposed:false
136 http fetch GET 200 https://registry.npmjs.org/pm2-sysmonit 612ms (cache revalidated)
137 silly packumentCache full:https://registry.npmjs.org/pm2-sysmonit set size:42261 disposed:false
138 silly placeDep node_modules/pm2 @pm2/agent@2.1.1 OK for: pm2@6.0.14 want: ~2.1.1
139 silly placeDep node_modules/pm2 @pm2/blessed@0.1.81 OK for: pm2@6.0.14 want: 0.1.81
140 silly placeDep node_modules/pm2 @pm2/io@6.1.0 OK for: pm2@6.0.14 want: ~6.1.0
141 silly placeDep node_modules/pm2 @pm2/js-api@0.8.0 OK for: pm2@6.0.14 want: ~0.8.0
142 silly placeDep node_modules/pm2 @pm2/pm2-version-check@1.0.4 OK for: pm2@6.0.14 want: ^1.0.4
143 silly placeDep node_modules/pm2 ansis@4.0.0-node10 OK for: pm2@6.0.14 want: 4.0.0-node10
144 silly placeDep node_modules/pm2 async@3.2.6 OK for: pm2@6.0.14 want: 3.2.6
145 silly placeDep node_modules/pm2 chokidar@3.6.0 OK for: pm2@6.0.14 want: 3.6.0
146 silly placeDep node_modules/pm2 cli-tableau@2.0.1 OK for: pm2@6.0.14 want: 2.0.1
147 silly placeDep node_modules/pm2 commander@2.15.1 OK for: pm2@6.0.14 want: 2.15.1
148 silly placeDep node_modules/pm2 croner@4.1.97 OK for: pm2@6.0.14 want: 4.1.97
149 silly placeDep node_modules/pm2 dayjs@1.11.15 OK for: pm2@6.0.14 want: 1.11.15
150 silly placeDep node_modules/pm2 debug@4.4.3 OK for: pm2@6.0.14 want: 4.4.3
151 silly placeDep node_modules/pm2 enquirer@2.3.6 OK for: pm2@6.0.14 want: 2.3.6
152 silly placeDep node_modules/pm2 eventemitter2@5.0.1 OK for: pm2@6.0.14 want: 5.0.1
153 silly placeDep node_modules/pm2 fclone@1.0.11 OK for: pm2@6.0.14 want: 1.0.11
154 silly placeDep node_modules/pm2 js-yaml@4.1.1 OK for: pm2@6.0.14 want: 4.1.1
155 silly placeDep node_modules/pm2 mkdirp@1.0.4 OK for: pm2@6.0.14 want: 1.0.4
156 silly placeDep node_modules/pm2 needle@2.4.0 OK for: pm2@6.0.14 want: 2.4.0
157 silly placeDep node_modules/pm2 pidusage@3.0.2 OK for: pm2@6.0.14 want: 3.0.2
158 silly placeDep node_modules/pm2 pm2-axon@4.0.1 OK for: pm2@6.0.14 want: ~4.0.1
159 silly placeDep node_modules/pm2 pm2-axon-rpc@0.7.1 OK for: pm2@6.0.14 want: ~0.7.1
160 silly placeDep node_modules/pm2 pm2-deploy@1.0.2 OK for: pm2@6.0.14 want: ~1.0.2
161 silly placeDep node_modules/pm2 pm2-multimeter@0.1.2 OK for: pm2@6.0.14 want: ^0.1.2
162 silly placeDep node_modules/pm2 pm2-sysmonit@1.2.8 OK for: pm2@6.0.14 want: ^1.2.8
163 silly placeDep node_modules/pm2 promptly@2.2.0 OK for: pm2@6.0.14 want: 2.2.0
164 silly placeDep node_modules/pm2 semver@7.7.2 OK for: pm2@6.0.14 want: 7.7.2
165 silly placeDep node_modules/pm2 source-map-support@0.5.21 OK for: pm2@6.0.14 want: 0.5.21
166 silly placeDep node_modules/pm2 sprintf-js@1.1.2 OK for: pm2@6.0.14 want: 1.1.2
167 silly placeDep node_modules/pm2 vizion@2.2.1 OK for: pm2@6.0.14 want: ~2.2.1
168 silly fetch manifest async@~3.2.0
169 silly packumentCache full:https://registry.npmjs.org/async cache-hit
170 silly fetch manifest chalk@~3.0.0
171 silly packumentCache full:https://registry.npmjs.org/chalk cache-miss
172 silly fetch manifest dayjs@~1.8.24
173 silly packumentCache full:https://registry.npmjs.org/dayjs cache-hit
174 silly fetch manifest debug@~4.3.1
175 silly packumentCache full:https://registry.npmjs.org/debug cache-hit
176 silly fetch manifest eventemitter2@~5.0.1
177 silly packumentCache full:https://registry.npmjs.org/eventemitter2 cache-hit
178 silly fetch manifest fast-json-patch@^3.1.0
179 silly packumentCache full:https://registry.npmjs.org/fast-json-patch cache-miss
180 silly fetch manifest fclone@~1.0.11
181 silly packumentCache full:https://registry.npmjs.org/fclone cache-hit
182 silly fetch manifest pm2-axon-rpc@~0.7.0
183 silly packumentCache full:https://registry.npmjs.org/pm2-axon-rpc cache-hit
184 silly fetch manifest proxy-agent@~6.4.0
185 silly packumentCache full:https://registry.npmjs.org/proxy-agent cache-miss
186 silly fetch manifest semver@~7.5.0
187 silly packumentCache full:https://registry.npmjs.org/semver cache-hit
188 silly fetch manifest ws@~7.5.10
189 silly packumentCache full:https://registry.npmjs.org/ws cache-miss
190 silly fetch manifest async@~2.6.1
191 silly packumentCache full:https://registry.npmjs.org/async cache-hit
192 silly fetch manifest eventemitter2@^6.3.1
193 silly packumentCache full:https://registry.npmjs.org/eventemitter2 cache-hit
194 silly fetch manifest require-in-the-middle@^5.0.0
195 silly packumentCache full:https://registry.npmjs.org/require-in-the-middle cache-miss
196 http cache https://registry.npmjs.org/chalk 41ms (cache hit)
197 silly packumentCache full:https://registry.npmjs.org/chalk set size:117861 disposed:false
198 silly fetch manifest semver@~7.5.4
199 silly packumentCache full:https://registry.npmjs.org/semver cache-hit
200 silly fetch manifest shimmer@^1.2.0
201 silly packumentCache full:https://registry.npmjs.org/shimmer cache-miss
202 http cache https://registry.npmjs.org/ws 34ms (cache hit)
203 silly packumentCache full:https://registry.npmjs.org/ws set size:413307 disposed:false
204 silly fetch manifest signal-exit@^3.0.3
205 silly packumentCache full:https://registry.npmjs.org/signal-exit cache-miss
206 http fetch GET 200 https://registry.npmjs.org/proxy-agent 51ms (cache revalidated)
207 silly packumentCache full:https://registry.npmjs.org/proxy-agent set size:70579 disposed:false
208 silly fetch manifest tslib@1.9.3
209 silly packumentCache full:https://registry.npmjs.org/tslib cache-miss
210 http fetch GET 200 https://registry.npmjs.org/fast-json-patch 65ms (cache revalidated)
211 silly packumentCache full:https://registry.npmjs.org/fast-json-patch set size:129532 disposed:false
212 silly fetch manifest async@^2.6.3
213 silly packumentCache full:https://registry.npmjs.org/async cache-hit
214 silly fetch manifest extrareqp2@^1.0.0
215 silly packumentCache full:https://registry.npmjs.org/extrareqp2 cache-miss
216 http cache https://registry.npmjs.org/tslib 16ms (cache hit)
217 silly packumentCache full:https://registry.npmjs.org/tslib set size:108760 disposed:false
218 silly fetch manifest ws@^7.0.0
219 silly packumentCache full:https://registry.npmjs.org/ws cache-hit
220 silly fetch manifest debug@^4.3.1
221 silly packumentCache full:https://registry.npmjs.org/debug cache-hit
222 silly fetch manifest braces@~3.0.2
223 silly packumentCache full:https://registry.npmjs.org/braces cache-miss
224 http fetch GET 200 https://registry.npmjs.org/signal-exit 45ms (cache revalidated)
225 silly packumentCache full:https://registry.npmjs.org/signal-exit set size:53489 disposed:false
226 silly fetch manifest is-glob@~4.0.1
227 silly packumentCache full:https://registry.npmjs.org/is-glob cache-miss
228 http fetch GET 200 https://registry.npmjs.org/shimmer 60ms (cache revalidated)
229 silly packumentCache full:https://registry.npmjs.org/shimmer set size:22336 disposed:false
230 silly fetch manifest anymatch@~3.1.2
231 silly packumentCache full:https://registry.npmjs.org/anymatch cache-miss
232 http fetch GET 200 https://registry.npmjs.org/braces 40ms (cache revalidated)
233 silly packumentCache full:https://registry.npmjs.org/braces set size:114529 disposed:false
234 silly fetch manifest readdirp@~3.6.0
235 silly packumentCache full:https://registry.npmjs.org/readdirp cache-miss
236 http fetch GET 200 https://registry.npmjs.org/anymatch 32ms (cache revalidated)
237 silly packumentCache full:https://registry.npmjs.org/anymatch set size:42974 disposed:false
238 silly fetch manifest glob-parent@~5.1.2
239 silly packumentCache full:https://registry.npmjs.org/glob-parent cache-miss
240 http fetch GET 200 https://registry.npmjs.org/is-glob 37ms (cache revalidated)
241 silly packumentCache full:https://registry.npmjs.org/is-glob set size:40530 disposed:false
242 silly fetch manifest is-binary-path@~2.1.0
243 silly packumentCache full:https://registry.npmjs.org/is-binary-path cache-miss
244 http fetch GET 200 https://registry.npmjs.org/readdirp 38ms (cache revalidated)
245 silly packumentCache full:https://registry.npmjs.org/readdirp set size:107589 disposed:false
246 silly fetch manifest normalize-path@~3.0.0
247 silly packumentCache full:https://registry.npmjs.org/normalize-path cache-miss
248 http fetch GET 200 https://registry.npmjs.org/glob-parent 37ms (cache revalidated)
249 silly packumentCache full:https://registry.npmjs.org/glob-parent set size:42445 disposed:false
250 silly fetch manifest fsevents@~2.3.2
251 silly packumentCache full:https://registry.npmjs.org/fsevents cache-miss
252 http fetch GET 200 https://registry.npmjs.org/is-binary-path 49ms (cache revalidated)
253 silly packumentCache full:https://registry.npmjs.org/is-binary-path set size:13475 disposed:false
254 silly fetch manifest chalk@3.0.0
255 silly packumentCache full:https://registry.npmjs.org/chalk cache-hit
256 silly fetch manifest ms@^2.1.3
257 silly packumentCache full:https://registry.npmjs.org/ms cache-miss
258 http fetch GET 200 https://registry.npmjs.org/normalize-path 53ms (cache revalidated)
259 silly packumentCache full:https://registry.npmjs.org/normalize-path set size:28713 disposed:false
260 silly fetch manifest ansi-colors@^4.1.1
261 silly packumentCache full:https://registry.npmjs.org/ansi-colors cache-miss
262 http fetch GET 200 https://registry.npmjs.org/fsevents 53ms (cache revalidated)
263 silly packumentCache full:https://registry.npmjs.org/fsevents set size:182472 disposed:false
264 silly fetch manifest argparse@^2.0.1
265 silly packumentCache full:https://registry.npmjs.org/argparse cache-miss
266 http fetch GET 200 https://registry.npmjs.org/ms 44ms (cache revalidated)
267 silly packumentCache full:https://registry.npmjs.org/ms set size:92208 disposed:false
268 silly fetch manifest debug@^3.2.6
269 silly packumentCache full:https://registry.npmjs.org/debug cache-hit
270 silly fetch manifest iconv-lite@^0.4.4
271 silly packumentCache full:https://registry.npmjs.org/iconv-lite cache-miss
272 http fetch GET 200 https://registry.npmjs.org/require-in-the-middle 232ms (cache revalidated)
273 silly packumentCache full:https://registry.npmjs.org/require-in-the-middle set size:87691 disposed:false
274 silly fetch manifest sax@^1.2.4
275 silly packumentCache full:https://registry.npmjs.org/sax cache-miss
276 http fetch GET 200 https://registry.npmjs.org/argparse 34ms (cache revalidated)
277 silly packumentCache full:https://registry.npmjs.org/argparse set size:49266 disposed:false
278 silly fetch manifest safe-buffer@^5.2.1
279 silly packumentCache full:https://registry.npmjs.org/safe-buffer cache-miss
280 http fetch GET 200 https://registry.npmjs.org/ansi-colors 50ms (cache revalidated)
281 silly packumentCache full:https://registry.npmjs.org/ansi-colors set size:110876 disposed:false
282 silly fetch manifest amp@~0.3.1
283 silly packumentCache full:https://registry.npmjs.org/amp cache-miss
284 http fetch GET 200 https://registry.npmjs.org/iconv-lite 39ms (cache revalidated)
285 silly packumentCache full:https://registry.npmjs.org/iconv-lite set size:120557 disposed:false
286 silly fetch manifest amp-message@~0.1.1
287 silly packumentCache full:https://registry.npmjs.org/amp-message cache-miss
288 http fetch GET 200 https://registry.npmjs.org/sax 40ms (cache revalidated)
289 silly packumentCache full:https://registry.npmjs.org/sax set size:87969 disposed:false
290 silly fetch manifest escape-string-regexp@^4.0.0
291 silly packumentCache full:https://registry.npmjs.org/escape-string-regexp cache-miss
292 http fetch GET 200 https://registry.npmjs.org/extrareqp2 225ms (cache revalidated)
293 silly packumentCache full:https://registry.npmjs.org/extrareqp2 set size:33058 disposed:false
294 silly fetch manifest run-series@^1.1.8
295 silly packumentCache full:https://registry.npmjs.org/run-series cache-miss
296 http cache https://registry.npmjs.org/safe-buffer 31ms (cache hit)
297 silly packumentCache full:https://registry.npmjs.org/safe-buffer set size:41183 disposed:false
298 silly fetch manifest tv4@^1.3.0
299 silly packumentCache full:https://registry.npmjs.org/tv4 cache-miss
300 http fetch GET 200 https://registry.npmjs.org/escape-string-regexp 43ms (cache revalidated)
301 silly packumentCache full:https://registry.npmjs.org/escape-string-regexp set size:22244 disposed:false
302 silly fetch manifest charm@~0.1.1
303 silly packumentCache full:https://registry.npmjs.org/charm cache-miss
304 http fetch GET 200 https://registry.npmjs.org/amp-message 229ms (cache revalidated)
305 silly packumentCache full:https://registry.npmjs.org/amp-message set size:6704 disposed:false
306 silly fetch manifest pidusage@^2.0.21
307 silly packumentCache full:https://registry.npmjs.org/pidusage cache-hit
308 silly fetch manifest systeminformation@^5.7
309 silly packumentCache full:https://registry.npmjs.org/systeminformation cache-miss
310 http fetch GET 200 https://registry.npmjs.org/tv4 217ms (cache revalidated)
311 silly packumentCache full:https://registry.npmjs.org/tv4 set size:84466 disposed:false
312 silly fetch manifest tx2@~1.0.4
313 silly packumentCache full:https://registry.npmjs.org/tx2 cache-miss
314 http fetch GET 200 https://registry.npmjs.org/amp 249ms (cache revalidated)
315 silly packumentCache full:https://registry.npmjs.org/amp set size:6794 disposed:false
316 silly fetch manifest read@^1.0.4
317 silly packumentCache full:https://registry.npmjs.org/read cache-miss
318 http fetch GET 200 https://registry.npmjs.org/run-series 241ms (cache revalidated)
319 silly packumentCache full:https://registry.npmjs.org/run-series set size:35375 disposed:false
320 silly fetch manifest buffer-from@^1.0.0
321 silly packumentCache full:https://registry.npmjs.org/buffer-from cache-miss
322 http fetch GET 200 https://registry.npmjs.org/read 34ms (cache revalidated)
323 silly packumentCache full:https://registry.npmjs.org/read set size:41363 disposed:false
324 silly fetch manifest source-map@^0.6.0
325 silly packumentCache full:https://registry.npmjs.org/source-map cache-miss
326 http fetch GET 200 https://registry.npmjs.org/buffer-from 37ms (cache revalidated)
327 silly packumentCache full:https://registry.npmjs.org/buffer-from set size:15463 disposed:false
328 silly fetch manifest git-node-fs@^1.0.0
329 silly packumentCache full:https://registry.npmjs.org/git-node-fs cache-miss
330 http fetch GET 200 https://registry.npmjs.org/source-map 40ms (cache revalidated)
331 silly packumentCache full:https://registry.npmjs.org/source-map set size:226141 disposed:false
332 silly fetch manifest ini@^1.3.5
333 silly packumentCache full:https://registry.npmjs.org/ini cache-miss
334 http fetch GET 200 https://registry.npmjs.org/ini 24ms (cache revalidated)
335 silly packumentCache full:https://registry.npmjs.org/ini set size:57019 disposed:false
336 silly fetch manifest js-git@^0.7.8
337 silly packumentCache full:https://registry.npmjs.org/js-git cache-miss
338 http fetch GET 200 https://registry.npmjs.org/systeminformation 240ms (cache revalidated)
339 silly packumentCache full:https://registry.npmjs.org/systeminformation set size:2294556 disposed:false
340 http fetch GET 200 https://registry.npmjs.org/tx2 268ms (cache revalidated)
341 silly packumentCache full:https://registry.npmjs.org/tx2 set size:7551 disposed:false
342 http fetch GET 200 https://registry.npmjs.org/js-git 215ms (cache revalidated)
343 silly packumentCache full:https://registry.npmjs.org/js-git set size:47312 disposed:false
344 http fetch GET 200 https://registry.npmjs.org/charm 534ms (cache revalidated)
345 silly packumentCache full:https://registry.npmjs.org/charm set size:27884 disposed:false
346 http fetch GET 200 https://registry.npmjs.org/git-node-fs 605ms (cache revalidated)
347 silly packumentCache full:https://registry.npmjs.org/git-node-fs set size:5780 disposed:false
348 silly fetch manifest bufferutil@^4.0.1
349 silly packumentCache full:https://registry.npmjs.org/bufferutil cache-miss
350 http fetch GET 200 https://registry.npmjs.org/bufferutil 26ms (cache revalidated)
351 silly packumentCache full:https://registry.npmjs.org/bufferutil set size:52763 disposed:false
352 silly fetch manifest utf-8-validate@^5.0.2
353 silly packumentCache full:https://registry.npmjs.org/utf-8-validate cache-miss
354 http fetch GET 200 https://registry.npmjs.org/utf-8-validate 24ms (cache revalidated)
355 silly packumentCache full:https://registry.npmjs.org/utf-8-validate set size:77148 disposed:false
356 silly placeDep node_modules/pm2 chalk@3.0.0 OK for: @pm2/agent@2.1.1 want: ~3.0.0
357 silly placeDep node_modules/pm2/node_modules/@pm2/agent dayjs@1.8.36 OK for: @pm2/agent@2.1.1 want: ~1.8.24
358 silly placeDep node_modules/pm2/node_modules/@pm2/agent debug@4.3.7 OK for: @pm2/agent@2.1.1 want: ~4.3.1
359 silly placeDep node_modules/pm2 fast-json-patch@3.1.1 OK for: @pm2/agent@2.1.1 want: ^3.1.0
360 silly placeDep node_modules/pm2 proxy-agent@6.4.0 OK for: @pm2/agent@2.1.1 want: ~6.4.0
361 silly placeDep node_modules/pm2/node_modules/@pm2/agent semver@7.5.4 OK for: @pm2/agent@2.1.1 want: ~7.5.0
362 silly placeDep node_modules/pm2 ws@7.5.10 OK for: @pm2/agent@2.1.1 want: ~7.5.10
363 silly fetch manifest ansi-styles@^4.1.0
364 silly packumentCache full:https://registry.npmjs.org/ansi-styles cache-miss
365 silly fetch manifest supports-color@^7.1.0
366 silly packumentCache full:https://registry.npmjs.org/supports-color cache-miss
367 silly fetch manifest lru-cache@^7.14.1
368 silly packumentCache full:https://registry.npmjs.org/lru-cache cache-miss
369 silly fetch manifest agent-base@^7.0.2
370 silly packumentCache full:https://registry.npmjs.org/agent-base cache-miss
371 silly fetch manifest proxy-from-env@^1.1.0
372 silly packumentCache full:https://registry.npmjs.org/proxy-from-env cache-miss
373 http cache https://registry.npmjs.org/supports-color 18ms (cache hit)
374 silly packumentCache full:https://registry.npmjs.org/supports-color set size:118680 disposed:false
375 silly fetch manifest pac-proxy-agent@^7.0.1
376 silly packumentCache full:https://registry.npmjs.org/pac-proxy-agent cache-miss
377 http fetch GET 200 https://registry.npmjs.org/lru-cache 29ms (cache revalidated)
378 silly packumentCache full:https://registry.npmjs.org/lru-cache set size:413591 disposed:false
379 silly fetch manifest http-proxy-agent@^7.0.1
380 silly packumentCache full:https://registry.npmjs.org/http-proxy-agent cache-miss
381 http fetch GET 200 https://registry.npmjs.org/ansi-styles 47ms (cache revalidated)
382 silly packumentCache full:https://registry.npmjs.org/ansi-styles set size:63233 disposed:false
383 silly fetch manifest https-proxy-agent@^7.0.3
384 silly packumentCache full:https://registry.npmjs.org/https-proxy-agent cache-miss
385 http fetch GET 200 https://registry.npmjs.org/proxy-from-env 45ms (cache revalidated)
386 silly packumentCache full:https://registry.npmjs.org/proxy-from-env set size:18911 disposed:false
387 silly fetch manifest socks-proxy-agent@^8.0.2
388 silly packumentCache full:https://registry.npmjs.org/socks-proxy-agent cache-miss
389 http fetch GET 200 https://registry.npmjs.org/agent-base 50ms (cache revalidated)
390 silly packumentCache full:https://registry.npmjs.org/agent-base set size:67460 disposed:false
391 silly fetch manifest lru-cache@^6.0.0
392 silly packumentCache full:https://registry.npmjs.org/lru-cache cache-hit
393 http fetch GET 200 https://registry.npmjs.org/pac-proxy-agent 36ms (cache revalidated)
394 silly packumentCache full:https://registry.npmjs.org/pac-proxy-agent set size:59229 disposed:false
395 http cache https://registry.npmjs.org/https-proxy-agent 17ms (cache hit)
396 silly packumentCache full:https://registry.npmjs.org/https-proxy-agent set size:76241 disposed:false
397 http fetch GET 200 https://registry.npmjs.org/http-proxy-agent 42ms (cache revalidated)
398 silly packumentCache full:https://registry.npmjs.org/http-proxy-agent set size:50096 disposed:false
399 http fetch GET 200 https://registry.npmjs.org/socks-proxy-agent 38ms (cache revalidated)
400 silly packumentCache full:https://registry.npmjs.org/socks-proxy-agent set size:96838 disposed:false
401 silly placeDep node_modules/pm2/node_modules/@pm2/io async@2.6.4 OK for: @pm2/io@6.1.0 want: ~2.6.1
402 silly placeDep node_modules/pm2/node_modules/@pm2/io debug@4.3.7 OK for: @pm2/io@6.1.0 want: ~4.3.1
403 silly placeDep node_modules/pm2/node_modules/@pm2/io eventemitter2@6.4.9 OK for: @pm2/io@6.1.0 want: ^6.3.1
404 silly placeDep node_modules/pm2 require-in-the-middle@5.2.0 OK for: @pm2/io@6.1.0 want: ^5.0.0
405 silly placeDep node_modules/pm2/node_modules/@pm2/io semver@7.5.4 OK for: @pm2/io@6.1.0 want: ~7.5.4
406 silly placeDep node_modules/pm2 shimmer@1.2.1 OK for: @pm2/io@6.1.0 want: ^1.2.0
407 silly placeDep node_modules/pm2 signal-exit@3.0.7 OK for: @pm2/io@6.1.0 want: ^3.0.3
408 silly placeDep node_modules/pm2 tslib@1.9.3 OK for: @pm2/io@6.1.0 want: 1.9.3
409 silly fetch manifest lodash@^4.17.14
410 silly packumentCache full:https://registry.npmjs.org/lodash cache-miss
411 silly fetch manifest resolve@^1.22.1
412 silly packumentCache full:https://registry.npmjs.org/resolve cache-miss
413 silly fetch manifest module-details-from-path@^1.0.3
414 silly packumentCache full:https://registry.npmjs.org/module-details-from-path cache-miss
415 http cache https://registry.npmjs.org/lodash 11ms (cache hit)
416 silly packumentCache full:https://registry.npmjs.org/lodash set size:244244 disposed:false
417 http fetch GET 200 https://registry.npmjs.org/resolve 28ms (cache revalidated)
418 silly packumentCache full:https://registry.npmjs.org/resolve set size:246681 disposed:false
419 http fetch GET 200 https://registry.npmjs.org/module-details-from-path 598ms (cache revalidated)
420 silly packumentCache full:https://registry.npmjs.org/module-details-from-path set size:10793 disposed:false
421 silly placeDep node_modules/pm2/node_modules/@pm2/js-api async@2.6.4 OK for: @pm2/js-api@0.8.0 want: ^2.6.3
422 silly placeDep node_modules/pm2/node_modules/@pm2/js-api debug@4.3.7 OK for: @pm2/js-api@0.8.0 want: ~4.3.1
423 silly placeDep node_modules/pm2/node_modules/@pm2/js-api eventemitter2@6.4.9 OK for: @pm2/js-api@0.8.0 want: ^6.3.1
424 silly placeDep node_modules/pm2 extrareqp2@1.0.0 OK for: @pm2/js-api@0.8.0 want: ^1.0.0
425 silly fetch manifest follow-redirects@^1.14.0
426 silly packumentCache full:https://registry.npmjs.org/follow-redirects cache-miss
427 http fetch GET 200 https://registry.npmjs.org/follow-redirects 25ms (cache revalidated)
428 silly packumentCache full:https://registry.npmjs.org/follow-redirects set size:186700 disposed:false
429 silly placeDep node_modules/pm2 ansi-styles@4.3.0 OK for: chalk@3.0.0 want: ^4.1.0
430 silly placeDep node_modules/pm2 supports-color@7.2.0 OK for: chalk@3.0.0 want: ^7.1.0
431 silly fetch manifest color-convert@^2.0.1
432 silly packumentCache full:https://registry.npmjs.org/color-convert cache-miss
433 silly fetch manifest has-flag@^4.0.0
434 silly packumentCache full:https://registry.npmjs.org/has-flag cache-miss
435 http fetch GET 200 https://registry.npmjs.org/color-convert 42ms (cache revalidated)
436 silly packumentCache full:https://registry.npmjs.org/color-convert set size:72663 disposed:false
437 http fetch GET 200 https://registry.npmjs.org/has-flag 46ms (cache revalidated)
438 silly packumentCache full:https://registry.npmjs.org/has-flag set size:15180 disposed:false
439 silly placeDep node_modules/pm2 color-convert@2.0.1 OK for: ansi-styles@4.3.0 want: ^2.0.1
440 silly fetch manifest color-name@~1.1.4
441 silly packumentCache full:https://registry.npmjs.org/color-name cache-miss
442 http fetch GET 200 https://registry.npmjs.org/color-name 26ms (cache revalidated)
443 silly packumentCache full:https://registry.npmjs.org/color-name set size:19467 disposed:false
444 silly placeDep node_modules/pm2 anymatch@3.1.3 OK for: chokidar@3.6.0 want: ~3.1.2
445 silly placeDep node_modules/pm2 braces@3.0.3 OK for: chokidar@3.6.0 want: ~3.0.2
446 silly placeDep node_modules/pm2 fsevents@2.3.3 OK for: chokidar@3.6.0 want: ~2.3.2
447 silly placeDep node_modules/pm2 glob-parent@5.1.2 OK for: chokidar@3.6.0 want: ~5.1.2
448 silly placeDep node_modules/pm2 is-binary-path@2.1.0 OK for: chokidar@3.6.0 want: ~2.1.0
449 silly placeDep node_modules/pm2 is-glob@4.0.3 OK for: chokidar@3.6.0 want: ~4.0.1
450 silly placeDep node_modules/pm2 normalize-path@3.0.0 OK for: chokidar@3.6.0 want: ~3.0.0
451 silly placeDep node_modules/pm2 readdirp@3.6.0 OK for: chokidar@3.6.0 want: ~3.6.0
452 silly fetch manifest picomatch@^2.0.4
453 silly packumentCache full:https://registry.npmjs.org/picomatch cache-miss
454 silly fetch manifest normalize-path@^3.0.0
455 silly packumentCache full:https://registry.npmjs.org/normalize-path cache-hit
456 silly fetch manifest fill-range@^7.1.1
457 silly packumentCache full:https://registry.npmjs.org/fill-range cache-miss
458 silly fetch manifest is-glob@^4.0.1
459 silly packumentCache full:https://registry.npmjs.org/is-glob cache-hit
460 silly fetch manifest binary-extensions@^2.0.0
461 silly packumentCache full:https://registry.npmjs.org/binary-extensions cache-miss
462 silly fetch manifest is-extglob@^2.1.1
463 silly packumentCache full:https://registry.npmjs.org/is-extglob cache-miss
464 silly fetch manifest picomatch@^2.2.1
465 silly packumentCache full:https://registry.npmjs.org/picomatch cache-miss
466 http fetch GET 200 https://registry.npmjs.org/binary-extensions 29ms (cache revalidated)
467 silly packumentCache full:https://registry.npmjs.org/binary-extensions set size:51551 disposed:false
468 http fetch GET 200 https://registry.npmjs.org/is-extglob 50ms (cache revalidated)
469 silly packumentCache full:https://registry.npmjs.org/is-extglob set size:11766 disposed:false
470 http fetch GET 200 https://registry.npmjs.org/picomatch 58ms (cache revalidated)
471 silly packumentCache full:https://registry.npmjs.org/picomatch set size:118818 disposed:false
472 http fetch GET 200 https://registry.npmjs.org/picomatch 53ms (cache revalidated)
473 silly packumentCache full:https://registry.npmjs.org/picomatch set size:118818 disposed:false
474 silly packumentCache full:https://registry.npmjs.org/picomatch dispose
475 http fetch GET 200 https://registry.npmjs.org/fill-range 238ms (cache revalidated)
476 silly packumentCache full:https://registry.npmjs.org/fill-range set size:90212 disposed:false
477 silly placeDep node_modules/pm2 picomatch@2.3.1 OK for: anymatch@3.1.3 want: ^2.0.4
478 silly placeDep node_modules/pm2 fill-range@7.1.1 OK for: braces@3.0.3 want: ^7.1.1
479 silly fetch manifest to-regex-range@^5.0.1
480 silly packumentCache full:https://registry.npmjs.org/to-regex-range cache-miss
481 http fetch GET 200 https://registry.npmjs.org/to-regex-range 224ms (cache revalidated)
482 silly packumentCache full:https://registry.npmjs.org/to-regex-range set size:61569 disposed:false
483 silly placeDep node_modules/pm2 color-name@1.1.4 OK for: color-convert@2.0.1 want: ~1.1.4
484 silly placeDep node_modules/pm2 ms@2.1.3 OK for: debug@4.4.3 want: ^2.1.3
485 silly placeDep node_modules/pm2 ansi-colors@4.1.3 OK for: enquirer@2.3.6 want: ^4.1.1
486 silly placeDep node_modules/pm2 follow-redirects@1.15.11 OK for: extrareqp2@1.0.0 want: ^1.14.0
487 silly placeDep node_modules/pm2 to-regex-range@5.0.1 OK for: fill-range@7.1.1 want: ^5.0.1
488 silly fetch manifest is-number@^7.0.0
489 silly packumentCache full:https://registry.npmjs.org/is-number cache-miss
490 http fetch GET 200 https://registry.npmjs.org/is-number 26ms (cache revalidated)
491 silly packumentCache full:https://registry.npmjs.org/is-number set size:36183 disposed:false
492 silly placeDep node_modules/pm2 binary-extensions@2.3.0 OK for: is-binary-path@2.1.0 want: ^2.0.0
493 silly placeDep node_modules/pm2 is-extglob@2.1.1 OK for: is-glob@4.0.3 want: ^2.1.1
494 silly placeDep node_modules/pm2 argparse@2.0.1 OK for: js-yaml@4.1.1 want: ^2.0.1
495 silly placeDep node_modules/pm2/node_modules/needle debug@3.2.7 OK for: needle@2.4.0 want: ^3.2.6
496 silly placeDep node_modules/pm2 iconv-lite@0.4.24 OK for: needle@2.4.0 want: ^0.4.4
497 silly placeDep node_modules/pm2 sax@1.4.4 OK for: needle@2.4.0 want: ^1.2.4
498 silly fetch manifest safer-buffer@>= 2.1.2 < 3
499 silly packumentCache full:https://registry.npmjs.org/safer-buffer cache-miss
500 http fetch GET 200 https://registry.npmjs.org/safer-buffer 25ms (cache revalidated)
501 silly packumentCache full:https://registry.npmjs.org/safer-buffer set size:18521 disposed:false
502 silly placeDep node_modules/pm2 safer-buffer@2.1.2 OK for: iconv-lite@0.4.24 want: >= 2.1.2 < 3
503 silly placeDep node_modules/pm2 safe-buffer@5.2.1 OK for: pidusage@3.0.2 want: ^5.2.1
504 silly placeDep node_modules/pm2 amp@0.3.1 OK for: pm2-axon@4.0.1 want: ~0.3.1
505 silly placeDep node_modules/pm2 amp-message@0.1.2 OK for: pm2-axon@4.0.1 want: ~0.1.1
506 silly placeDep node_modules/pm2 escape-string-regexp@4.0.0 OK for: pm2-axon@4.0.1 want: ^4.0.0
507 silly placeDep node_modules/pm2 run-series@1.1.9 OK for: pm2-deploy@1.0.2 want: ^1.1.8
508 silly placeDep node_modules/pm2 tv4@1.3.0 OK for: pm2-deploy@1.0.2 want: ^1.3.0
509 silly placeDep node_modules/pm2 charm@0.1.2 OK for: pm2-multimeter@0.1.2 want: ~0.1.1
510 silly placeDep node_modules/pm2/node_modules/pm2-sysmonit pidusage@2.0.21 OK for: pm2-sysmonit@1.2.8 want: ^2.0.21
511 silly placeDep node_modules/pm2 systeminformation@5.30.7 OK for: pm2-sysmonit@1.2.8 want: ^5.7
512 silly placeDep node_modules/pm2 tx2@1.0.5 OK for: pm2-sysmonit@1.2.8 want: ~1.0.4
513 silly fetch manifest json-stringify-safe@^5.0.1
514 silly packumentCache full:https://registry.npmjs.org/json-stringify-safe cache-miss
515 http fetch GET 200 https://registry.npmjs.org/json-stringify-safe 34ms (cache revalidated)
516 silly packumentCache full:https://registry.npmjs.org/json-stringify-safe set size:8806 disposed:false
517 silly placeDep node_modules/pm2 read@1.0.7 OK for: promptly@2.2.0 want: ^1.0.4
518 silly fetch manifest mute-stream@~0.0.4
519 silly packumentCache full:https://registry.npmjs.org/mute-stream cache-miss
520 http fetch GET 200 https://registry.npmjs.org/mute-stream 35ms (cache revalidated)
521 silly packumentCache full:https://registry.npmjs.org/mute-stream set size:21918 disposed:false
522 silly placeDep node_modules/pm2 agent-base@7.1.4 OK for: proxy-agent@6.4.0 want: ^7.0.2
523 silly placeDep node_modules/pm2 http-proxy-agent@7.0.2 OK for: proxy-agent@6.4.0 want: ^7.0.1
524 silly placeDep node_modules/pm2 https-proxy-agent@7.0.6 OK for: proxy-agent@6.4.0 want: ^7.0.3
525 silly placeDep node_modules/pm2 lru-cache@7.18.3 OK for: proxy-agent@6.4.0 want: ^7.14.1
526 silly placeDep node_modules/pm2 pac-proxy-agent@7.2.0 OK for: proxy-agent@6.4.0 want: ^7.0.1
527 silly placeDep node_modules/pm2 proxy-from-env@1.1.0 OK for: proxy-agent@6.4.0 want: ^1.1.0
528 silly placeDep node_modules/pm2 socks-proxy-agent@8.0.5 OK for: proxy-agent@6.4.0 want: ^8.0.2
529 silly fetch manifest @tootallnate/quickjs-emscripten@^0.23.0
530 silly packumentCache full:https://registry.npmjs.org/@tootallnate%2fquickjs-emscripten cache-miss
531 silly fetch manifest get-uri@^6.0.1
532 silly packumentCache full:https://registry.npmjs.org/get-uri cache-miss
533 silly fetch manifest pac-resolver@^7.0.1
534 silly packumentCache full:https://registry.npmjs.org/pac-resolver cache-miss
535 silly fetch manifest socks-proxy-agent@^8.0.5
536 silly packumentCache full:https://registry.npmjs.org/socks-proxy-agent cache-hit
537 silly fetch manifest socks@^2.8.3
538 silly packumentCache full:https://registry.npmjs.org/socks cache-miss
539 http fetch GET 200 https://registry.npmjs.org/pac-resolver 32ms (cache revalidated)
540 silly packumentCache full:https://registry.npmjs.org/pac-resolver set size:54112 disposed:false
541 http fetch GET 200 https://registry.npmjs.org/get-uri 39ms (cache revalidated)
542 silly packumentCache full:https://registry.npmjs.org/get-uri set size:57591 disposed:false
543 http fetch GET 200 https://registry.npmjs.org/socks 39ms (cache revalidated)
544 silly packumentCache full:https://registry.npmjs.org/socks set size:168523 disposed:false
545 http fetch GET 200 https://registry.npmjs.org/@tootallnate%2fquickjs-emscripten 50ms (cache revalidated)
546 silly packumentCache full:https://registry.npmjs.org/@tootallnate%2fquickjs-emscripten set size:27622 disposed:false
547 silly placeDep node_modules/pm2 @tootallnate/quickjs-emscripten@0.23.0 OK for: pac-proxy-agent@7.2.0 want: ^0.23.0
548 silly placeDep node_modules/pm2 get-uri@6.0.5 OK for: pac-proxy-agent@7.2.0 want: ^6.0.1
549 silly placeDep node_modules/pm2 pac-resolver@7.0.1 OK for: pac-proxy-agent@7.2.0 want: ^7.0.1
550 silly fetch manifest basic-ftp@^5.0.2
551 silly packumentCache full:https://registry.npmjs.org/basic-ftp cache-miss
552 silly fetch manifest data-uri-to-buffer@^6.0.2
553 silly packumentCache full:https://registry.npmjs.org/data-uri-to-buffer cache-miss
554 silly fetch manifest degenerator@^5.0.0
555 silly packumentCache full:https://registry.npmjs.org/degenerator cache-miss
556 silly fetch manifest netmask@^2.0.2
557 silly packumentCache full:https://registry.npmjs.org/netmask cache-miss
558 http fetch GET 200 https://registry.npmjs.org/basic-ftp 37ms (cache revalidated)
559 silly packumentCache full:https://registry.npmjs.org/basic-ftp set size:274853 disposed:false
560 http fetch GET 200 https://registry.npmjs.org/netmask 41ms (cache revalidated)
561 silly packumentCache full:https://registry.npmjs.org/netmask set size:21537 disposed:false
562 http fetch GET 200 https://registry.npmjs.org/degenerator 44ms (cache revalidated)
563 silly packumentCache full:https://registry.npmjs.org/degenerator set size:71179 disposed:false
564 http fetch GET 200 https://registry.npmjs.org/data-uri-to-buffer 593ms (cache revalidated)
565 silly packumentCache full:https://registry.npmjs.org/data-uri-to-buffer set size:43253 disposed:false
566 silly placeDep node_modules/pm2 basic-ftp@5.1.0 OK for: get-uri@6.0.5 want: ^5.0.2
567 silly placeDep node_modules/pm2 data-uri-to-buffer@6.0.2 OK for: get-uri@6.0.5 want: ^6.0.2
568 silly placeDep node_modules/pm2 degenerator@5.0.1 OK for: pac-resolver@7.0.1 want: ^5.0.0
569 silly placeDep node_modules/pm2 netmask@2.0.2 OK for: pac-resolver@7.0.1 want: ^2.0.2
570 silly fetch manifest ast-types@^0.13.4
571 silly packumentCache full:https://registry.npmjs.org/ast-types cache-miss
572 silly fetch manifest escodegen@^2.1.0
573 silly packumentCache full:https://registry.npmjs.org/escodegen cache-miss
574 silly fetch manifest esprima@^4.0.1
575 silly packumentCache full:https://registry.npmjs.org/esprima cache-miss
576 http fetch GET 200 https://registry.npmjs.org/esprima 24ms (cache revalidated)
577 silly packumentCache full:https://registry.npmjs.org/esprima set size:118410 disposed:false
578 http fetch GET 200 https://registry.npmjs.org/escodegen 43ms (cache revalidated)
579 silly packumentCache full:https://registry.npmjs.org/escodegen set size:119723 disposed:false
580 http fetch GET 200 https://registry.npmjs.org/ast-types 49ms (cache revalidated)
581 silly packumentCache full:https://registry.npmjs.org/ast-types set size:443020 disposed:false
582 silly placeDep node_modules/pm2 ast-types@0.13.4 OK for: degenerator@5.0.1 want: ^0.13.4
583 silly placeDep node_modules/pm2 escodegen@2.1.0 OK for: degenerator@5.0.1 want: ^2.1.0
584 silly placeDep node_modules/pm2 esprima@4.0.1 OK for: degenerator@5.0.1 want: ^4.0.1
585 silly fetch manifest tslib@^2.0.1
586 silly packumentCache full:https://registry.npmjs.org/tslib cache-hit
587 silly fetch manifest estraverse@^5.2.0
588 silly packumentCache full:https://registry.npmjs.org/estraverse cache-miss
589 silly fetch manifest esutils@^2.0.2
590 silly packumentCache full:https://registry.npmjs.org/esutils cache-miss
591 silly fetch manifest source-map@~0.6.1
592 silly packumentCache full:https://registry.npmjs.org/source-map cache-hit
593 http fetch GET 200 https://registry.npmjs.org/esutils 30ms (cache revalidated)
594 silly packumentCache full:https://registry.npmjs.org/esutils set size:29522 disposed:false
595 http fetch GET 200 https://registry.npmjs.org/estraverse 33ms (cache revalidated)
596 silly packumentCache full:https://registry.npmjs.org/estraverse set size:62412 disposed:false
597 silly placeDep node_modules/pm2/node_modules/ast-types tslib@2.8.1 OK for: ast-types@0.13.4 want: ^2.0.1
598 silly placeDep node_modules/pm2 estraverse@5.3.0 OK for: escodegen@2.1.0 want: ^5.2.0
599 silly placeDep node_modules/pm2 esutils@2.0.3 OK for: escodegen@2.1.0 want: ^2.0.2
600 silly placeDep node_modules/pm2 source-map@0.6.1 OK for: escodegen@2.1.0 want: ~0.6.1
601 silly placeDep node_modules/pm2 mute-stream@0.0.8 OK for: read@1.0.7 want: ~0.0.4
602 silly placeDep node_modules/pm2 module-details-from-path@1.0.4 OK for: require-in-the-middle@5.2.0 want: ^1.0.3
603 silly placeDep node_modules/pm2 resolve@1.22.11 OK for: require-in-the-middle@5.2.0 want: ^1.22.1
604 silly fetch manifest is-core-module@^2.16.1
605 silly packumentCache full:https://registry.npmjs.org/is-core-module cache-miss
606 silly fetch manifest path-parse@^1.0.7
607 silly packumentCache full:https://registry.npmjs.org/path-parse cache-miss
608 silly fetch manifest supports-preserve-symlinks-flag@^1.0.0
609 silly packumentCache full:https://registry.npmjs.org/supports-preserve-symlinks-flag cache-miss
610 http fetch GET 200 https://registry.npmjs.org/path-parse 29ms (cache revalidated)
611 silly packumentCache full:https://registry.npmjs.org/path-parse set size:14523 disposed:false
612 http fetch GET 200 https://registry.npmjs.org/is-core-module 32ms (cache revalidated)
613 silly packumentCache full:https://registry.npmjs.org/is-core-module set size:71788 disposed:false
614 http fetch GET 200 https://registry.npmjs.org/supports-preserve-symlinks-flag 35ms (cache revalidated)
615 silly packumentCache full:https://registry.npmjs.org/supports-preserve-symlinks-flag set size:6802 disposed:false
616 silly placeDep node_modules/pm2 is-core-module@2.16.1 OK for: resolve@1.22.11 want: ^2.16.1
617 silly placeDep node_modules/pm2 path-parse@1.0.7 OK for: resolve@1.22.11 want: ^1.0.7
618 silly placeDep node_modules/pm2 supports-preserve-symlinks-flag@1.0.0 OK for: resolve@1.22.11 want: ^1.0.0
619 silly fetch manifest hasown@^2.0.2
620 silly packumentCache full:https://registry.npmjs.org/hasown cache-miss
621 http fetch GET 200 https://registry.npmjs.org/hasown 39ms (cache revalidated)
622 silly packumentCache full:https://registry.npmjs.org/hasown set size:12476 disposed:false
623 silly placeDep node_modules/pm2 hasown@2.0.2 OK for: is-core-module@2.16.1 want: ^2.0.2
624 silly fetch manifest function-bind@^1.1.2
625 silly packumentCache full:https://registry.npmjs.org/function-bind cache-miss
626 http fetch GET 200 https://registry.npmjs.org/function-bind 24ms (cache revalidated)
627 silly packumentCache full:https://registry.npmjs.org/function-bind set size:15733 disposed:false
628 silly placeDep node_modules/pm2 function-bind@1.1.2 OK for: hasown@2.0.2 want: ^1.1.2
629 silly placeDep node_modules/pm2 socks@2.8.7 OK for: socks-proxy-agent@8.0.5 want: ^2.8.3
630 silly fetch manifest ip-address@^10.0.1
631 silly packumentCache full:https://registry.npmjs.org/ip-address cache-miss
632 silly fetch manifest smart-buffer@^4.2.0
633 silly packumentCache full:https://registry.npmjs.org/smart-buffer cache-miss
634 http fetch GET 200 https://registry.npmjs.org/ip-address 29ms (cache revalidated)
635 silly packumentCache full:https://registry.npmjs.org/ip-address set size:135050 disposed:false
636 http fetch GET 200 https://registry.npmjs.org/smart-buffer 34ms (cache revalidated)
637 silly packumentCache full:https://registry.npmjs.org/smart-buffer set size:87065 disposed:false
638 silly placeDep node_modules/pm2 ip-address@10.1.0 OK for: socks@2.8.7 want: ^10.0.1
639 silly placeDep node_modules/pm2 smart-buffer@4.2.0 OK for: socks@2.8.7 want: ^4.2.0
640 silly placeDep node_modules/pm2 buffer-from@1.1.2 OK for: source-map-support@0.5.21 want: ^1.0.0
641 silly placeDep node_modules/pm2 has-flag@4.0.0 OK for: supports-color@7.2.0 want: ^4.0.0
642 silly placeDep node_modules/pm2 is-number@7.0.0 OK for: to-regex-range@5.0.1 want: ^7.0.0
643 silly placeDep node_modules/pm2 json-stringify-safe@5.0.1 OK for: tx2@1.0.5 want: ^5.0.1
644 silly placeDep node_modules/pm2/node_modules/vizion async@2.6.4 OK for: vizion@2.2.1 want: ^2.6.3
645 silly placeDep node_modules/pm2 git-node-fs@1.0.0 OK for: vizion@2.2.1 want: ^1.0.0
646 silly placeDep node_modules/pm2 ini@1.3.8 OK for: vizion@2.2.1 want: ^1.3.5
647 silly placeDep node_modules/pm2 js-git@0.7.8 OK for: vizion@2.2.1 want: ^0.7.8
648 silly fetch manifest bodec@^0.1.0
649 silly packumentCache full:https://registry.npmjs.org/bodec cache-miss
650 silly fetch manifest culvert@^0.1.2
651 silly packumentCache full:https://registry.npmjs.org/culvert cache-miss
652 silly fetch manifest git-sha1@^0.1.2
653 silly packumentCache full:https://registry.npmjs.org/git-sha1 cache-miss
654 silly fetch manifest pako@^0.2.5
655 silly packumentCache full:https://registry.npmjs.org/pako cache-miss
656 http fetch GET 200 https://registry.npmjs.org/pako 25ms (cache revalidated)
657 silly packumentCache full:https://registry.npmjs.org/pako set size:74234 disposed:false
658 http fetch GET 200 https://registry.npmjs.org/git-sha1 219ms (cache revalidated)
659 silly packumentCache full:https://registry.npmjs.org/git-sha1 set size:4199 disposed:false
660 http fetch GET 200 https://registry.npmjs.org/culvert 226ms (cache revalidated)
661 silly packumentCache full:https://registry.npmjs.org/culvert set size:6953 disposed:false
662 http fetch GET 200 https://registry.npmjs.org/bodec 231ms (cache revalidated)
663 silly packumentCache full:https://registry.npmjs.org/bodec set size:5489 disposed:false
664 silly placeDep node_modules/pm2 bodec@0.1.0 OK for: js-git@0.7.8 want: ^0.1.0
665 silly placeDep node_modules/pm2 culvert@0.1.2 OK for: js-git@0.7.8 want: ^0.1.2
666 silly placeDep node_modules/pm2 git-sha1@0.1.2 OK for: js-git@0.7.8 want: ^0.1.2
667 silly placeDep node_modules/pm2 pako@0.2.9 OK for: js-git@0.7.8 want: ^0.2.5
668 silly placeDep node_modules/pm2/node_modules/@pm2/agent lru-cache@6.0.0 OK for: semver@7.5.4 want: ^6.0.0
669 silly fetch manifest yallist@^4.0.0
670 silly packumentCache full:https://registry.npmjs.org/yallist cache-miss
671 http fetch GET 200 https://registry.npmjs.org/yallist 22ms (cache revalidated)
672 silly packumentCache full:https://registry.npmjs.org/yallist set size:34610 disposed:false
673 silly placeDep node_modules/pm2 yallist@4.0.0 OK for: lru-cache@6.0.0 want: ^4.0.0
674 silly placeDep node_modules/pm2 lodash@4.17.23 OK for: async@2.6.4 want: ^4.17.14
675 silly placeDep node_modules/pm2/node_modules/@pm2/io lru-cache@6.0.0 OK for: semver@7.5.4 want: ^6.0.0
676 silly reify moves {}
677 verbose stack Error: ENOENT: no such file or directory, mkdir '/usr/local/lib/node_modules/pm2'
677 verbose stack     at async mkdir (node:internal/fs/promises:853:10)
677 verbose stack     at async /usr/local/lib/node_modules/npm/node_modules/@npmcli/arborist/lib/arborist/reify.js:572:20
677 verbose stack     at async Promise.allSettled (index 0)
677 verbose stack     at async #reifyPackages (/usr/local/lib/node_modules/npm/node_modules/@npmcli/arborist/lib/arborist/reify.js:309:11)
677 verbose stack     at async Arborist.reify (/usr/local/lib/node_modules/npm/node_modules/@npmcli/arborist/lib/arborist/reify.js:121:5)
677 verbose stack     at async Install.exec (/usr/local/lib/node_modules/npm/lib/commands/install.js:151:5)
677 verbose stack     at async Npm.exec (/usr/local/lib/node_modules/npm/lib/npm.js:208:9)
677 verbose stack     at async module.exports (/usr/local/lib/node_modules/npm/lib/cli/entry.js:67:5)
678 error code ENOENT
679 error syscall mkdir
680 error path /usr/local/lib/node_modules/pm2
681 error errno -2
682 error enoent ENOENT: no such file or directory, mkdir '/usr/local/lib/node_modules/pm2'
683 error enoent This is related to npm not being able to find a file.
683 error enoent
684 silly unfinished npm timer reify 1770855693961
685 silly unfinished npm timer reify:createSparse 1770855700419
686 verbose cwd /home/container
687 verbose os Linux 6.1.0-42-cloud-amd64
688 verbose node v20.20.0
689 verbose npm  v11.9.0
690 verbose exit -2
691 verbose code -2
692 error A complete log of this run can be found in: /home/container/.npm/_logs/2026-02-12T00_21_33_592Z-debug-0.log
